{
  "trial_index": 14,
  "config": {
    "trial_index": 14,
    "lstm": {
      "window_size": 24,
      "window_stride": 8,
      "hidden_dim": 96,
      "num_layers": 1,
      "dropout": 0.1,
      "batch_size": 256,
      "epochs": 6,
      "patience": 2,
      "lr": 0.0003,
      "weight_decay": 1e-05,
      "bidirectional": true
    },
    "gat": {
      "graph_window_days": 90,
      "edge_temporal_days": 45,
      "edge_radius_km": 75.0,
      "local_subgraph_radius_km": 150.0,
      "max_nodes": 64,
      "min_nodes": 8,
      "graph_stride": 6,
      "max_train_graphs": 8000,
      "max_val_graphs": 2000,
      "max_test_graphs": 2000,
      "tcn_hidden": 32,
      "gat_hidden": 32,
      "heads": 2,
      "dropout": 0.15,
      "batch_size": 32,
      "epochs": 6,
      "patience": 2,
      "lr": 0.0005,
      "weight_decay": 1e-05
    }
  }
}
{
  "trial_index": 14,
  "model": "LSTM",
  "epoch": 1,
  "train_loss": 0.5993448829341468,
  "val_threshold": 0.05,
  "val_precision": 0.21568627450980393,
  "val_recall": 1.0,
  "val_f1": 0.3548387096774194,
  "val_accuracy": 0.21568627450980393,
  "val_balanced_accuracy": 0.5,
  "val_auc_roc": 0.524584481364162,
  "val_tpr_at_20_fpr": 0.2294936334024282,
  "val_actual_fpr_at_selected_roc_point": 0.19987785016286644,
  "val_roc_threshold_at_20_fpr": 0.4254613518714905
}
{
  "trial_index": 14,
  "model": "LSTM",
  "epoch": 2,
  "train_loss": 0.5936287529793418,
  "val_threshold": 0.05,
  "val_precision": 0.21568627450980393,
  "val_recall": 1.0,
  "val_f1": 0.3548387096774194,
  "val_accuracy": 0.21568627450980393,
  "val_balanced_accuracy": 0.5,
  "val_auc_roc": 0.5237086100021318,
  "val_tpr_at_20_fpr": 0.22031388806633107,
  "val_actual_fpr_at_selected_roc_point": 0.20012214983713356,
  "val_roc_threshold_at_20_fpr": 0.44320178031921387
}
{
  "trial_index": 14,
  "model": "LSTM",
  "epoch": 3,
  "train_loss": 0.5921255262446387,
  "val_threshold": 0.3,
  "val_precision": 0.21938563719385637,
  "val_recall": 0.9389991116375481,
  "val_f1": 0.3556727048398856,
  "val_accuracy": 0.26620680845628153,
  "val_balanced_accuracy": 0.5100940183594906,
  "val_auc_roc": 0.5322590533875933,
  "val_tpr_at_20_fpr": 0.22919751258513474,
  "val_actual_fpr_at_selected_roc_point": 0.2,
  "val_roc_threshold_at_20_fpr": 0.4419703483581543
}
{
  "trial_index": 14,
  "model": "LSTM",
  "epoch": 4,
  "train_loss": 0.5912209562285822,
  "val_threshold": 0.25,
  "val_precision": 0.22036756607929514,
  "val_recall": 0.9480307965649986,
  "val_f1": 0.35760960625523597,
  "val_accuracy": 0.26537650890975284,
  "val_balanced_accuracy": 0.5128386881847794,
  "val_auc_roc": 0.5441499077877846,
  "val_tpr_at_20_fpr": 0.2422268285460468,
  "val_actual_fpr_at_selected_roc_point": 0.20012214983713356,
  "val_roc_threshold_at_20_fpr": 0.4350440502166748
}
{
  "trial_index": 14,
  "model": "LSTM",
  "epoch": 5,
  "train_loss": 0.590151420968337,
  "val_threshold": 0.3,
  "val_precision": 0.21787580947371882,
  "val_recall": 0.9813443885105123,
  "val_f1": 0.3565837256220578,
  "val_accuracy": 0.23615635179153094,
  "val_balanced_accuracy": 0.5062870151021617,
  "val_auc_roc": 0.5375236679627177,
  "val_tpr_at_20_fpr": 0.2370447142434113,
  "val_actual_fpr_at_selected_roc_point": 0.20012214983713356,
  "val_roc_threshold_at_20_fpr": 0.4550994038581848
}
{
  "trial_index": 14,
  "model": "LSTM",
  "epoch": 6,
  "train_loss": 0.5895959920993191,
  "val_threshold": 0.25,
  "val_precision": 0.21820055173330674,
  "val_recall": 0.9720165827657684,
  "val_f1": 0.35639640617789964,
  "val_accuracy": 0.24279874816376062,
  "val_balanced_accuracy": 0.5071402132069884,
  "val_auc_roc": 0.5393200880356579,
  "val_tpr_at_20_fpr": 0.2360082913828842,
  "val_actual_fpr_at_selected_roc_point": 0.20012214983713356,
  "val_roc_threshold_at_20_fpr": 0.4433448612689972
}
Early stopping for LSTM on trial 14 at epoch 6
{
  "trial_index": 14,
  "model": "LSTM",
  "test_metrics": {
    "threshold": 0.25,
    "precision": 0.07174945864710255,
    "recall": 0.9915140687807057,
    "f1": 0.13381555153707053,
    "accuracy": 0.08219965510634221,
    "balanced_accuracy": 0.5018447386035945,
    "auc_roc": 0.537605766915506,
    "tpr_at_20_fpr": 0.2559178204555605,
    "actual_fpr_at_selected_roc_point": 0.19996560619088563,
    "roc_threshold_at_20_fpr": 0.44920822978019714,
    "avg_batch_latency_ms": 1.7257066695795704,
    "ms_per_event": 0.006741041678045197
  }
}
Saved train graphs
Saved val graphs
Saved test graphs
{
  "trial_index": 14,
  "model": "GAT",
  "epoch": 1,
  "train_loss": 0.25826754805445673,
  "val_threshold": 0.3,
  "val_precision": 0.24242424242424243,
  "val_recall": 0.7977207977207977,
  "val_f1": 0.37184594953519257,
  "val_accuracy": 0.527,
  "val_balanced_accuracy": 0.6335480883691921,
  "val_auc_roc": 0.6610740516137726,
  "val_tpr_at_20_fpr": 0.3789173789173789,
  "val_actual_fpr_at_selected_roc_point": 0.20133414190418436,
  "val_roc_threshold_at_20_fpr": 0.7251318097114563
}
{
  "trial_index": 14,
  "model": "GAT",
  "epoch": 2,
  "train_loss": 0.19707287910580634,
  "val_threshold": 0.55,
  "val_precision": 0.25937183383991896,
  "val_recall": 0.7293447293447294,
  "val_f1": 0.38266068759342303,
  "val_accuracy": 0.587,
  "val_balanced_accuracy": 0.6430228801362823,
  "val_auc_roc": 0.6853000782655119,
  "val_tpr_at_20_fpr": 0.3903133903133903,
  "val_actual_fpr_at_selected_roc_point": 0.20194057004244997,
  "val_roc_threshold_at_20_fpr": 0.9114658832550049
}
{
  "trial_index": 14,
  "model": "GAT",
  "epoch": 3,
  "train_loss": 0.16451889127492905,
  "val_threshold": 0.8,
  "val_precision": 0.3949579831932773,
  "val_recall": 0.6695156695156695,
  "val_f1": 0.49682875264270615,
  "val_accuracy": 0.762,
  "val_balanced_accuracy": 0.725600769870024,
  "val_auc_roc": 0.7550928733463603,
  "val_tpr_at_20_fpr": 0.6324786324786325,
  "val_actual_fpr_at_selected_roc_point": 0.19951485748938752,
  "val_roc_threshold_at_20_fpr": 0.8330075740814209
}
{
  "trial_index": 14,
  "model": "GAT",
  "epoch": 4,
  "train_loss": 0.1388586751818657,
  "val_threshold": 0.8,
  "val_precision": 0.32298136645962733,
  "val_recall": 0.7407407407407407,
  "val_f1": 0.44982698961937717,
  "val_accuracy": 0.682,
  "val_balanced_accuracy": 0.7051187026929902,
  "val_auc_roc": 0.7120261092365399,
  "val_tpr_at_20_fpr": 0.47293447293447294,
  "val_actual_fpr_at_selected_roc_point": 0.20012128562765313,
  "val_roc_threshold_at_20_fpr": 0.9390707015991211
}
{
  "trial_index": 14,
  "model": "GAT",
  "epoch": 5,
  "train_loss": 0.12414991210401058,
  "val_threshold": 0.9,
  "val_precision": 0.2940603700097371,
  "val_recall": 0.8603988603988604,
  "val_f1": 0.43831640058055155,
  "val_accuracy": 0.613,
  "val_balanced_accuracy": 0.7103692300781446,
  "val_auc_roc": 0.7694087239266135,
  "val_tpr_at_20_fpr": 0.5470085470085471,
  "val_actual_fpr_at_selected_roc_point": 0.20072771376591875,
  "val_roc_threshold_at_20_fpr": 0.9792293310165405
}
Early stopping for GAT on trial 14 at epoch 5
{
  "trial_index": 14,
  "model": "GAT",
  "test_metrics": {
    "threshold": 0.8,
    "precision": 0.18085106382978725,
    "recall": 0.7957446808510639,
    "f1": 0.29472025216706066,
    "accuracy": 0.5525,
    "balanced_accuracy": 0.657928997649328,
    "auc_roc": 0.7088240612380207,
    "tpr_at_20_fpr": 0.4978723404255319,
    "actual_fpr_at_selected_roc_point": 0.20396600566572237,
    "roc_threshold_at_20_fpr": 0.9653574824333191,
    "avg_batch_latency_ms": 14.30624999338761,
    "ms_per_event": 0.4470703122933628
  }
}
{
  "trial_index": 14,
  "config": {
    "trial_index": 14,
    "lstm": {
      "window_size": 24,
      "window_stride": 8,
      "hidden_dim": 96,
      "num_layers": 1,
      "dropout": 0.1,
      "batch_size": 256,
      "epochs": 6,
      "patience": 2,
      "lr": 0.0003,
      "weight_decay": 1e-05,
      "bidirectional": true
    },
    "gat": {
      "graph_window_days": 90,
      "edge_temporal_days": 45,
      "edge_radius_km": 75.0,
      "local_subgraph_radius_km": 150.0,
      "max_nodes": 64,
      "min_nodes": 8,
      "graph_stride": 6,
      "max_train_graphs": 8000,
      "max_val_graphs": 2000,
      "max_test_graphs": 2000,
      "tcn_hidden": 32,
      "gat_hidden": 32,
      "heads": 2,
      "dropout": 0.15,
      "batch_size": 32,
      "epochs": 6,
      "patience": 2,
      "lr": 0.0005,
      "weight_decay": 1e-05
    }
  },
  "lstm": {
    "config": {
      "window_size": 24,
      "window_stride": 8,
      "hidden_dim": 96,
      "num_layers": 1,
      "dropout": 0.1,
      "batch_size": 256,
      "epochs": 6,
      "patience": 2,
      "lr": 0.0003,
      "weight_decay": 1e-05,
      "bidirectional": true
    },
    "history": [
      {
        "trial_index": 14,
        "model": "LSTM",
        "epoch": 1,
        "train_loss": 0.5993448829341468,
        "val_threshold": 0.05,
        "val_precision": 0.21568627450980393,
        "val_recall": 1.0,
        "val_f1": 0.3548387096774194,
        "val_accuracy": 0.21568627450980393,
        "val_balanced_accuracy": 0.5,
        "val_auc_roc": 0.524584481364162,
        "val_tpr_at_20_fpr": 0.2294936334024282,
        "val_actual_fpr_at_selected_roc_point": 0.19987785016286644,
        "val_roc_threshold_at_20_fpr": 0.4254613518714905
      },
      {
        "trial_index": 14,
        "model": "LSTM",
        "epoch": 2,
        "train_loss": 0.5936287529793418,
        "val_threshold": 0.05,
        "val_precision": 0.21568627450980393,
        "val_recall": 1.0,
        "val_f1": 0.3548387096774194,
        "val_accuracy": 0.21568627450980393,
        "val_balanced_accuracy": 0.5,
        "val_auc_roc": 0.5237086100021318,
        "val_tpr_at_20_fpr": 0.22031388806633107,
        "val_actual_fpr_at_selected_roc_point": 0.20012214983713356,
        "val_roc_threshold_at_20_fpr": 0.44320178031921387
      },
      {
        "trial_index": 14,
        "model": "LSTM",
        "epoch": 3,
        "train_loss": 0.5921255262446387,
        "val_threshold": 0.3,
        "val_precision": 0.21938563719385637,
        "val_recall": 0.9389991116375481,
        "val_f1": 0.3556727048398856,
        "val_accuracy": 0.26620680845628153,
        "val_balanced_accuracy": 0.5100940183594906,
        "val_auc_roc": 0.5322590533875933,
        "val_tpr_at_20_fpr": 0.22919751258513474,
        "val_actual_fpr_at_selected_roc_point": 0.2,
        "val_roc_threshold_at_20_fpr": 0.4419703483581543
      },
      {
        "trial_index": 14,
        "model": "LSTM",
        "epoch": 4,
        "train_loss": 0.5912209562285822,
        "val_threshold": 0.25,
        "val_precision": 0.22036756607929514,
        "val_recall": 0.9480307965649986,
        "val_f1": 0.35760960625523597,
        "val_accuracy": 0.26537650890975284,
        "val_balanced_accuracy": 0.5128386881847794,
        "val_auc_roc": 0.5441499077877846,
        "val_tpr_at_20_fpr": 0.2422268285460468,
        "val_actual_fpr_at_selected_roc_point": 0.20012214983713356,
        "val_roc_threshold_at_20_fpr": 0.4350440502166748
      },
      {
        "trial_index": 14,
        "model": "LSTM",
        "epoch": 5,
        "train_loss": 0.590151420968337,
        "val_threshold": 0.3,
        "val_precision": 0.21787580947371882,
        "val_recall": 0.9813443885105123,
        "val_f1": 0.3565837256220578,
        "val_accuracy": 0.23615635179153094,
        "val_balanced_accuracy": 0.5062870151021617,
        "val_auc_roc": 0.5375236679627177,
        "val_tpr_at_20_fpr": 0.2370447142434113,
        "val_actual_fpr_at_selected_roc_point": 0.20012214983713356,
        "val_roc_threshold_at_20_fpr": 0.4550994038581848
      },
      {
        "trial_index": 14,
        "model": "LSTM",
        "epoch": 6,
        "train_loss": 0.5895959920993191,
        "val_threshold": 0.25,
        "val_precision": 0.21820055173330674,
        "val_recall": 0.9720165827657684,
        "val_f1": 0.35639640617789964,
        "val_accuracy": 0.24279874816376062,
        "val_balanced_accuracy": 0.5071402132069884,
        "val_auc_roc": 0.5393200880356579,
        "val_tpr_at_20_fpr": 0.2360082913828842,
        "val_actual_fpr_at_selected_roc_point": 0.20012214983713356,
        "val_roc_threshold_at_20_fpr": 0.4433448612689972
      }
    ],
    "metrics": {
      "threshold": 0.25,
      "precision": 0.07174945864710255,
      "recall": 0.9915140687807057,
      "f1": 0.13381555153707053,
      "accuracy": 0.08219965510634221,
      "balanced_accuracy": 0.5018447386035945,
      "auc_roc": 0.537605766915506,
      "tpr_at_20_fpr": 0.2559178204555605,
      "actual_fpr_at_selected_roc_point": 0.19996560619088563,
      "roc_threshold_at_20_fpr": 0.44920822978019714,
      "avg_batch_latency_ms": 1.7257066695795704,
      "ms_per_event": 0.006741041678045197
    }
  },
  "gat": {
    "config": {
      "graph_window_days": 90,
      "edge_temporal_days": 45,
      "edge_radius_km": 75.0,
      "local_subgraph_radius_km": 150.0,
      "max_nodes": 64,
      "min_nodes": 8,
      "graph_stride": 6,
      "max_train_graphs": 8000,
      "max_val_graphs": 2000,
      "max_test_graphs": 2000,
      "tcn_hidden": 32,
      "gat_hidden": 32,
      "heads": 2,
      "dropout": 0.15,
      "batch_size": 32,
      "epochs": 6,
      "patience": 2,
      "lr": 0.0005,
      "weight_decay": 1e-05
    },
    "history": [
      {
        "trial_index": 14,
        "model": "GAT",
        "epoch": 1,
        "train_loss": 0.25826754805445673,
        "val_threshold": 0.3,
        "val_precision": 0.24242424242424243,
        "val_recall": 0.7977207977207977,
        "val_f1": 0.37184594953519257,
        "val_accuracy": 0.527,
        "val_balanced_accuracy": 0.6335480883691921,
        "val_auc_roc": 0.6610740516137726,
        "val_tpr_at_20_fpr": 0.3789173789173789,
        "val_actual_fpr_at_selected_roc_point": 0.20133414190418436,
        "val_roc_threshold_at_20_fpr": 0.7251318097114563
      },
      {
        "trial_index": 14,
        "model": "GAT",
        "epoch": 2,
        "train_loss": 0.19707287910580634,
        "val_threshold": 0.55,
        "val_precision": 0.25937183383991896,
        "val_recall": 0.7293447293447294,
        "val_f1": 0.38266068759342303,
        "val_accuracy": 0.587,
        "val_balanced_accuracy": 0.6430228801362823,
        "val_auc_roc": 0.6853000782655119,
        "val_tpr_at_20_fpr": 0.3903133903133903,
        "val_actual_fpr_at_selected_roc_point": 0.20194057004244997,
        "val_roc_threshold_at_20_fpr": 0.9114658832550049
      },
      {
        "trial_index": 14,
        "model": "GAT",
        "epoch": 3,
        "train_loss": 0.16451889127492905,
        "val_threshold": 0.8,
        "val_precision": 0.3949579831932773,
        "val_recall": 0.6695156695156695,
        "val_f1": 0.49682875264270615,
        "val_accuracy": 0.762,
        "val_balanced_accuracy": 0.725600769870024,
        "val_auc_roc": 0.7550928733463603,
        "val_tpr_at_20_fpr": 0.6324786324786325,
        "val_actual_fpr_at_selected_roc_point": 0.19951485748938752,
        "val_roc_threshold_at_20_fpr": 0.8330075740814209
      },
      {
        "trial_index": 14,
        "model": "GAT",
        "epoch": 4,
        "train_loss": 0.1388586751818657,
        "val_threshold": 0.8,
        "val_precision": 0.32298136645962733,
        "val_recall": 0.7407407407407407,
        "val_f1": 0.44982698961937717,
        "val_accuracy": 0.682,
        "val_balanced_accuracy": 0.7051187026929902,
        "val_auc_roc": 0.7120261092365399,
        "val_tpr_at_20_fpr": 0.47293447293447294,
        "val_actual_fpr_at_selected_roc_point": 0.20012128562765313,
        "val_roc_threshold_at_20_fpr": 0.9390707015991211
      },
      {
        "trial_index": 14,
        "model": "GAT",
        "epoch": 5,
        "train_loss": 0.12414991210401058,
        "val_threshold": 0.9,
        "val_precision": 0.2940603700097371,
        "val_recall": 0.8603988603988604,
        "val_f1": 0.43831640058055155,
        "val_accuracy": 0.613,
        "val_balanced_accuracy": 0.7103692300781446,
        "val_auc_roc": 0.7694087239266135,
        "val_tpr_at_20_fpr": 0.5470085470085471,
        "val_actual_fpr_at_selected_roc_point": 0.20072771376591875,
        "val_roc_threshold_at_20_fpr": 0.9792293310165405
      }
    ],
    "metrics": {
      "threshold": 0.8,
      "precision": 0.18085106382978725,
      "recall": 0.7957446808510639,
      "f1": 0.29472025216706066,
      "accuracy": 0.5525,
      "balanced_accuracy": 0.657928997649328,
      "auc_roc": 0.7088240612380207,
      "tpr_at_20_fpr": 0.4978723404255319,
      "actual_fpr_at_selected_roc_point": 0.20396600566572237,
      "roc_threshold_at_20_fpr": 0.9653574824333191,
      "avg_batch_latency_ms": 14.30624999338761,
      "ms_per_event": 0.4470703122933628
    }
  },
  "proxy_ltss_improvement_pct": 120.24364790322235,
  "lstm_target_report": {
    "checks": {
      "precision": false,
      "recall": true,
      "f1": false,
      "auc_roc": false,
      "tpr_at_20_fpr": false,
      "ms_per_event": true
    },
    "proxy_ltss_improvement_pct": null,
    "meets_all_targets": false
  },
  "lstm_score": 3.9205926225251675,
  "gat_target_report": {
    "checks": {
      "precision": false,
      "recall": false,
      "f1": false,
      "auc_roc": false,
      "tpr_at_20_fpr": false,
      "ms_per_event": true,
      "ltss_proxy_min_pct": true
    },
    "proxy_ltss_improvement_pct": 120.24364790322235,
    "meets_all_targets": false
  },
  "gat_score": 6.001683139197033
}
