{
  "trial_index": 18,
  "config": {
    "trial_index": 18,
    "lstm": {
      "window_size": 24,
      "window_stride": 4,
      "hidden_dim": 128,
      "num_layers": 1,
      "dropout": 0.1,
      "batch_size": 256,
      "epochs": 6,
      "patience": 2,
      "lr": 0.0003,
      "weight_decay": 1e-05,
      "bidirectional": true
    },
    "gat": {
      "graph_window_days": 90,
      "edge_temporal_days": 30,
      "edge_radius_km": 125.0,
      "local_subgraph_radius_km": 150.0,
      "max_nodes": 64,
      "min_nodes": 8,
      "graph_stride": 6,
      "max_train_graphs": 8000,
      "max_val_graphs": 2000,
      "max_test_graphs": 2000,
      "tcn_hidden": 32,
      "gat_hidden": 32,
      "heads": 2,
      "dropout": 0.15,
      "batch_size": 32,
      "epochs": 6,
      "patience": 2,
      "lr": 0.0005,
      "weight_decay": 1e-05
    }
  }
}
{
  "trial_index": 18,
  "model": "LSTM",
  "epoch": 1,
  "train_loss": 0.5969034536324208,
  "val_threshold": 0.05,
  "val_precision": 0.21650060675736094,
  "val_recall": 1.0,
  "val_f1": 0.3559399897620329,
  "val_accuracy": 0.21650060675736094,
  "val_balanced_accuracy": 0.5,
  "val_auc_roc": 0.5188410865376366,
  "val_tpr_at_20_fpr": 0.21889519876097058,
  "val_actual_fpr_at_selected_roc_point": 0.2000244553587805,
  "val_roc_threshold_at_20_fpr": 0.4259060323238373
}
{
  "trial_index": 18,
  "model": "LSTM",
  "epoch": 2,
  "train_loss": 0.5920787442474214,
  "val_threshold": 0.25,
  "val_precision": 0.2194779490129075,
  "val_recall": 0.9568552253116012,
  "val_f1": 0.35705636283575515,
  "val_accuracy": 0.25394392284601136,
  "val_balanced_accuracy": 0.5082835298336522,
  "val_auc_roc": 0.5361457268478761,
  "val_tpr_at_20_fpr": 0.2346780736042481,
  "val_actual_fpr_at_selected_roc_point": 0.2000244553587805,
  "val_roc_threshold_at_20_fpr": 0.4208703637123108
}
{
  "trial_index": 18,
  "model": "LSTM",
  "epoch": 3,
  "train_loss": 0.5898511827830326,
  "val_threshold": 0.25,
  "val_precision": 0.21757009345794392,
  "val_recall": 0.9872409469724907,
  "val_f1": 0.35656065206968196,
  "val_accuracy": 0.22858785207894233,
  "val_balanced_accuracy": 0.5030969250136863,
  "val_auc_roc": 0.5286913402110315,
  "val_tpr_at_20_fpr": 0.22995796150158565,
  "val_actual_fpr_at_selected_roc_point": 0.19996331696182926,
  "val_roc_threshold_at_20_fpr": 0.4677652418613434
}
{
  "trial_index": 18,
  "model": "LSTM",
  "epoch": 4,
  "train_loss": 0.5887485445513004,
  "val_threshold": 0.2,
  "val_precision": 0.21822908204711616,
  "val_recall": 0.9906335275462792,
  "val_f1": 0.3576668575004327,
  "val_accuracy": 0.22965766111004662,
  "val_balanced_accuracy": 0.5050071996899098,
  "val_auc_roc": 0.5395328078667702,
  "val_tpr_at_20_fpr": 0.2452245740836345,
  "val_actual_fpr_at_selected_roc_point": 0.20000407589313007,
  "val_roc_threshold_at_20_fpr": 0.41522133350372314
}
{
  "trial_index": 18,
  "model": "LSTM",
  "epoch": 5,
  "train_loss": 0.5878532066312543,
  "val_threshold": 0.25,
  "val_precision": 0.22028152533039647,
  "val_recall": 0.9440961722840917,
  "val_f1": 0.357215610218917,
  "val_accuracy": 0.26440250367247875,
  "val_balanced_accuracy": 0.5103411020991675,
  "val_auc_roc": 0.5409553100502881,
  "val_tpr_at_20_fpr": 0.2451508223320304,
  "val_actual_fpr_at_selected_roc_point": 0.20000407589313007,
  "val_roc_threshold_at_20_fpr": 0.4439395070075989
}
{
  "trial_index": 18,
  "model": "LSTM",
  "epoch": 6,
  "train_loss": 0.5870758755259509,
  "val_threshold": 0.2,
  "val_precision": 0.21711650704588695,
  "val_recall": 0.9931410871008186,
  "val_f1": 0.3563329408184597,
  "val_accuracy": 0.22320687232547742,
  "val_balanced_accuracy": 0.5017978764897396,
  "val_auc_roc": 0.540725961777348,
  "val_tpr_at_20_fpr": 0.24279076628069918,
  "val_actual_fpr_at_selected_roc_point": 0.2000244553587805,
  "val_roc_threshold_at_20_fpr": 0.44102737307548523
}
Early stopping for LSTM on trial 18 at epoch 6
{
  "trial_index": 18,
  "model": "LSTM",
  "test_metrics": {
    "threshold": 0.2,
    "precision": 0.07262659240765636,
    "recall": 0.998240211174659,
    "f1": 0.1354020587796509,
    "accuracy": 0.07463115539375359,
    "balanced_accuracy": 0.5002908641700229,
    "auc_roc": 0.5226120153898051,
    "tpr_at_20_fpr": 0.2322921249450066,
    "actual_fpr_at_selected_roc_point": 0.20030301986846183,
    "roc_threshold_at_20_fpr": 0.4365839660167694,
    "avg_batch_latency_ms": 2.536326664267108,
    "ms_per_event": 0.00990752603229339
  }
}
Saved train graphs
Saved val graphs
Saved test graphs
{
  "trial_index": 18,
  "model": "GAT",
  "epoch": 1,
  "train_loss": 0.25688865438103675,
  "val_threshold": 0.2,
  "val_precision": 0.1665719158612848,
  "val_recall": 0.8347578347578347,
  "val_f1": 0.2777251184834123,
  "val_accuracy": 0.238,
  "val_balanced_accuracy": 0.47286709203022115,
  "val_auc_roc": 0.42856673905794584,
  "val_tpr_at_20_fpr": 0.13105413105413105,
  "val_actual_fpr_at_selected_roc_point": 0.2031534263189812,
  "val_roc_threshold_at_20_fpr": 0.9464879035949707
}
{
  "trial_index": 18,
  "model": "GAT",
  "epoch": 2,
  "train_loss": 0.19700878545641898,
  "val_threshold": 0.4,
  "val_precision": 0.2009309542280838,
  "val_recall": 0.7378917378917379,
  "val_f1": 0.31585365853658537,
  "val_accuracy": 0.439,
  "val_balanced_accuracy": 0.5566353777390769,
  "val_auc_roc": 0.525426788919815,
  "val_tpr_at_20_fpr": 0.21367521367521367,
  "val_actual_fpr_at_selected_roc_point": 0.20194057004244997,
  "val_roc_threshold_at_20_fpr": 0.9941726326942444
}
{
  "trial_index": 18,
  "model": "GAT",
  "epoch": 3,
  "train_loss": 0.17132728478312492,
  "val_threshold": 0.7,
  "val_precision": 0.224910394265233,
  "val_recall": 0.7150997150997151,
  "val_f1": 0.3421949556918882,
  "val_accuracy": 0.5175,
  "val_balanced_accuracy": 0.5952696877499788,
  "val_auc_roc": 0.5697115924526477,
  "val_tpr_at_20_fpr": 0.28205128205128205,
  "val_actual_fpr_at_selected_roc_point": 0.20375985445724681,
  "val_roc_threshold_at_20_fpr": 0.9992517828941345
}
{
  "trial_index": 18,
  "model": "GAT",
  "epoch": 4,
  "train_loss": 0.15242302234470845,
  "val_threshold": 0.2,
  "val_precision": 0.20678513731825526,
  "val_recall": 0.7293447293447294,
  "val_f1": 0.3222152297042165,
  "val_accuracy": 0.4615,
  "val_balanced_accuracy": 0.5669161487839475,
  "val_auc_roc": 0.5628076413400852,
  "val_tpr_at_20_fpr": 0.2849002849002849,
  "val_actual_fpr_at_selected_roc_point": 0.20072771376591875,
  "val_roc_threshold_at_20_fpr": 0.9991104006767273
}
{
  "trial_index": 18,
  "model": "GAT",
  "epoch": 5,
  "train_loss": 0.14497134268283843,
  "val_threshold": 0.35,
  "val_precision": 0.2250778816199377,
  "val_recall": 0.8233618233618234,
  "val_f1": 0.3535168195718654,
  "val_accuracy": 0.4715,
  "val_balanced_accuracy": 0.6099829128937679,
  "val_auc_roc": 0.579804042508712,
  "val_tpr_at_20_fpr": 0.2792022792022792,
  "val_actual_fpr_at_selected_roc_point": 0.20072771376591875,
  "val_roc_threshold_at_20_fpr": 0.9995911717414856
}
{
  "trial_index": 18,
  "model": "GAT",
  "epoch": 6,
  "train_loss": 0.1278102188333869,
  "val_threshold": 0.4,
  "val_precision": 0.21777777777777776,
  "val_recall": 0.698005698005698,
  "val_f1": 0.3319783197831978,
  "val_accuracy": 0.507,
  "val_balanced_accuracy": 0.5821744681659782,
  "val_auc_roc": 0.5579354836480367,
  "val_tpr_at_20_fpr": 0.2792022792022792,
  "val_actual_fpr_at_selected_roc_point": 0.20012128562765313,
  "val_roc_threshold_at_20_fpr": 0.9987439513206482
}
{
  "trial_index": 18,
  "model": "GAT",
  "test_metrics": {
    "threshold": 0.35,
    "precision": 0.0928927680798005,
    "recall": 0.6340425531914894,
    "f1": 0.16204458945078848,
    "accuracy": 0.2295,
    "balanced_accuracy": 0.4048399734795974,
    "auc_roc": 0.4411005967090591,
    "tpr_at_20_fpr": 0.05106382978723404,
    "actual_fpr_at_selected_roc_point": 0.20056657223796034,
    "roc_threshold_at_20_fpr": 0.9999866485595703,
    "avg_batch_latency_ms": 15.013645007275045,
    "ms_per_event": 0.46917640647734515
  }
}
{
  "trial_index": 18,
  "config": {
    "trial_index": 18,
    "lstm": {
      "window_size": 24,
      "window_stride": 4,
      "hidden_dim": 128,
      "num_layers": 1,
      "dropout": 0.1,
      "batch_size": 256,
      "epochs": 6,
      "patience": 2,
      "lr": 0.0003,
      "weight_decay": 1e-05,
      "bidirectional": true
    },
    "gat": {
      "graph_window_days": 90,
      "edge_temporal_days": 30,
      "edge_radius_km": 125.0,
      "local_subgraph_radius_km": 150.0,
      "max_nodes": 64,
      "min_nodes": 8,
      "graph_stride": 6,
      "max_train_graphs": 8000,
      "max_val_graphs": 2000,
      "max_test_graphs": 2000,
      "tcn_hidden": 32,
      "gat_hidden": 32,
      "heads": 2,
      "dropout": 0.15,
      "batch_size": 32,
      "epochs": 6,
      "patience": 2,
      "lr": 0.0005,
      "weight_decay": 1e-05
    }
  },
  "lstm": {
    "config": {
      "window_size": 24,
      "window_stride": 4,
      "hidden_dim": 128,
      "num_layers": 1,
      "dropout": 0.1,
      "batch_size": 256,
      "epochs": 6,
      "patience": 2,
      "lr": 0.0003,
      "weight_decay": 1e-05,
      "bidirectional": true
    },
    "history": [
      {
        "trial_index": 18,
        "model": "LSTM",
        "epoch": 1,
        "train_loss": 0.5969034536324208,
        "val_threshold": 0.05,
        "val_precision": 0.21650060675736094,
        "val_recall": 1.0,
        "val_f1": 0.3559399897620329,
        "val_accuracy": 0.21650060675736094,
        "val_balanced_accuracy": 0.5,
        "val_auc_roc": 0.5188410865376366,
        "val_tpr_at_20_fpr": 0.21889519876097058,
        "val_actual_fpr_at_selected_roc_point": 0.2000244553587805,
        "val_roc_threshold_at_20_fpr": 0.4259060323238373
      },
      {
        "trial_index": 18,
        "model": "LSTM",
        "epoch": 2,
        "train_loss": 0.5920787442474214,
        "val_threshold": 0.25,
        "val_precision": 0.2194779490129075,
        "val_recall": 0.9568552253116012,
        "val_f1": 0.35705636283575515,
        "val_accuracy": 0.25394392284601136,
        "val_balanced_accuracy": 0.5082835298336522,
        "val_auc_roc": 0.5361457268478761,
        "val_tpr_at_20_fpr": 0.2346780736042481,
        "val_actual_fpr_at_selected_roc_point": 0.2000244553587805,
        "val_roc_threshold_at_20_fpr": 0.4208703637123108
      },
      {
        "trial_index": 18,
        "model": "LSTM",
        "epoch": 3,
        "train_loss": 0.5898511827830326,
        "val_threshold": 0.25,
        "val_precision": 0.21757009345794392,
        "val_recall": 0.9872409469724907,
        "val_f1": 0.35656065206968196,
        "val_accuracy": 0.22858785207894233,
        "val_balanced_accuracy": 0.5030969250136863,
        "val_auc_roc": 0.5286913402110315,
        "val_tpr_at_20_fpr": 0.22995796150158565,
        "val_actual_fpr_at_selected_roc_point": 0.19996331696182926,
        "val_roc_threshold_at_20_fpr": 0.4677652418613434
      },
      {
        "trial_index": 18,
        "model": "LSTM",
        "epoch": 4,
        "train_loss": 0.5887485445513004,
        "val_threshold": 0.2,
        "val_precision": 0.21822908204711616,
        "val_recall": 0.9906335275462792,
        "val_f1": 0.3576668575004327,
        "val_accuracy": 0.22965766111004662,
        "val_balanced_accuracy": 0.5050071996899098,
        "val_auc_roc": 0.5395328078667702,
        "val_tpr_at_20_fpr": 0.2452245740836345,
        "val_actual_fpr_at_selected_roc_point": 0.20000407589313007,
        "val_roc_threshold_at_20_fpr": 0.41522133350372314
      },
      {
        "trial_index": 18,
        "model": "LSTM",
        "epoch": 5,
        "train_loss": 0.5878532066312543,
        "val_threshold": 0.25,
        "val_precision": 0.22028152533039647,
        "val_recall": 0.9440961722840917,
        "val_f1": 0.357215610218917,
        "val_accuracy": 0.26440250367247875,
        "val_balanced_accuracy": 0.5103411020991675,
        "val_auc_roc": 0.5409553100502881,
        "val_tpr_at_20_fpr": 0.2451508223320304,
        "val_actual_fpr_at_selected_roc_point": 0.20000407589313007,
        "val_roc_threshold_at_20_fpr": 0.4439395070075989
      },
      {
        "trial_index": 18,
        "model": "LSTM",
        "epoch": 6,
        "train_loss": 0.5870758755259509,
        "val_threshold": 0.2,
        "val_precision": 0.21711650704588695,
        "val_recall": 0.9931410871008186,
        "val_f1": 0.3563329408184597,
        "val_accuracy": 0.22320687232547742,
        "val_balanced_accuracy": 0.5017978764897396,
        "val_auc_roc": 0.540725961777348,
        "val_tpr_at_20_fpr": 0.24279076628069918,
        "val_actual_fpr_at_selected_roc_point": 0.2000244553587805,
        "val_roc_threshold_at_20_fpr": 0.44102737307548523
      }
    ],
    "metrics": {
      "threshold": 0.2,
      "precision": 0.07262659240765636,
      "recall": 0.998240211174659,
      "f1": 0.1354020587796509,
      "accuracy": 0.07463115539375359,
      "balanced_accuracy": 0.5002908641700229,
      "auc_roc": 0.5226120153898051,
      "tpr_at_20_fpr": 0.2322921249450066,
      "actual_fpr_at_selected_roc_point": 0.20030301986846183,
      "roc_threshold_at_20_fpr": 0.4365839660167694,
      "avg_batch_latency_ms": 2.536326664267108,
      "ms_per_event": 0.00990752603229339
    }
  },
  "gat": {
    "config": {
      "graph_window_days": 90,
      "edge_temporal_days": 30,
      "edge_radius_km": 125.0,
      "local_subgraph_radius_km": 150.0,
      "max_nodes": 64,
      "min_nodes": 8,
      "graph_stride": 6,
      "max_train_graphs": 8000,
      "max_val_graphs": 2000,
      "max_test_graphs": 2000,
      "tcn_hidden": 32,
      "gat_hidden": 32,
      "heads": 2,
      "dropout": 0.15,
      "batch_size": 32,
      "epochs": 6,
      "patience": 2,
      "lr": 0.0005,
      "weight_decay": 1e-05
    },
    "history": [
      {
        "trial_index": 18,
        "model": "GAT",
        "epoch": 1,
        "train_loss": 0.25688865438103675,
        "val_threshold": 0.2,
        "val_precision": 0.1665719158612848,
        "val_recall": 0.8347578347578347,
        "val_f1": 0.2777251184834123,
        "val_accuracy": 0.238,
        "val_balanced_accuracy": 0.47286709203022115,
        "val_auc_roc": 0.42856673905794584,
        "val_tpr_at_20_fpr": 0.13105413105413105,
        "val_actual_fpr_at_selected_roc_point": 0.2031534263189812,
        "val_roc_threshold_at_20_fpr": 0.9464879035949707
      },
      {
        "trial_index": 18,
        "model": "GAT",
        "epoch": 2,
        "train_loss": 0.19700878545641898,
        "val_threshold": 0.4,
        "val_precision": 0.2009309542280838,
        "val_recall": 0.7378917378917379,
        "val_f1": 0.31585365853658537,
        "val_accuracy": 0.439,
        "val_balanced_accuracy": 0.5566353777390769,
        "val_auc_roc": 0.525426788919815,
        "val_tpr_at_20_fpr": 0.21367521367521367,
        "val_actual_fpr_at_selected_roc_point": 0.20194057004244997,
        "val_roc_threshold_at_20_fpr": 0.9941726326942444
      },
      {
        "trial_index": 18,
        "model": "GAT",
        "epoch": 3,
        "train_loss": 0.17132728478312492,
        "val_threshold": 0.7,
        "val_precision": 0.224910394265233,
        "val_recall": 0.7150997150997151,
        "val_f1": 0.3421949556918882,
        "val_accuracy": 0.5175,
        "val_balanced_accuracy": 0.5952696877499788,
        "val_auc_roc": 0.5697115924526477,
        "val_tpr_at_20_fpr": 0.28205128205128205,
        "val_actual_fpr_at_selected_roc_point": 0.20375985445724681,
        "val_roc_threshold_at_20_fpr": 0.9992517828941345
      },
      {
        "trial_index": 18,
        "model": "GAT",
        "epoch": 4,
        "train_loss": 0.15242302234470845,
        "val_threshold": 0.2,
        "val_precision": 0.20678513731825526,
        "val_recall": 0.7293447293447294,
        "val_f1": 0.3222152297042165,
        "val_accuracy": 0.4615,
        "val_balanced_accuracy": 0.5669161487839475,
        "val_auc_roc": 0.5628076413400852,
        "val_tpr_at_20_fpr": 0.2849002849002849,
        "val_actual_fpr_at_selected_roc_point": 0.20072771376591875,
        "val_roc_threshold_at_20_fpr": 0.9991104006767273
      },
      {
        "trial_index": 18,
        "model": "GAT",
        "epoch": 5,
        "train_loss": 0.14497134268283843,
        "val_threshold": 0.35,
        "val_precision": 0.2250778816199377,
        "val_recall": 0.8233618233618234,
        "val_f1": 0.3535168195718654,
        "val_accuracy": 0.4715,
        "val_balanced_accuracy": 0.6099829128937679,
        "val_auc_roc": 0.579804042508712,
        "val_tpr_at_20_fpr": 0.2792022792022792,
        "val_actual_fpr_at_selected_roc_point": 0.20072771376591875,
        "val_roc_threshold_at_20_fpr": 0.9995911717414856
      },
      {
        "trial_index": 18,
        "model": "GAT",
        "epoch": 6,
        "train_loss": 0.1278102188333869,
        "val_threshold": 0.4,
        "val_precision": 0.21777777777777776,
        "val_recall": 0.698005698005698,
        "val_f1": 0.3319783197831978,
        "val_accuracy": 0.507,
        "val_balanced_accuracy": 0.5821744681659782,
        "val_auc_roc": 0.5579354836480367,
        "val_tpr_at_20_fpr": 0.2792022792022792,
        "val_actual_fpr_at_selected_roc_point": 0.20012128562765313,
        "val_roc_threshold_at_20_fpr": 0.9987439513206482
      }
    ],
    "metrics": {
      "threshold": 0.35,
      "precision": 0.0928927680798005,
      "recall": 0.6340425531914894,
      "f1": 0.16204458945078848,
      "accuracy": 0.2295,
      "balanced_accuracy": 0.4048399734795974,
      "auc_roc": 0.4411005967090591,
      "tpr_at_20_fpr": 0.05106382978723404,
      "actual_fpr_at_selected_roc_point": 0.20056657223796034,
      "roc_threshold_at_20_fpr": 0.9999866485595703,
      "avg_batch_latency_ms": 15.013645007275045,
      "ms_per_event": 0.46917640647734515
    }
  },
  "proxy_ltss_improvement_pct": 19.676606774860648,
  "lstm_target_report": {
    "checks": {
      "precision": false,
      "recall": true,
      "f1": false,
      "auc_roc": false,
      "tpr_at_20_fpr": false,
      "ms_per_event": true
    },
    "proxy_ltss_improvement_pct": null,
    "meets_all_targets": false
  },
  "lstm_score": 3.8855092575055217,
  "gat_target_report": {
    "checks": {
      "precision": false,
      "recall": false,
      "f1": false,
      "auc_roc": false,
      "tpr_at_20_fpr": false,
      "ms_per_event": true,
      "ltss_proxy_min_pct": true
    },
    "proxy_ltss_improvement_pct": 19.676606774860648,
    "meets_all_targets": false
  },
  "gat_score": 4.697575866102529
}
