{
  "trial_index": 3,
  "config": {
    "trial_index": 3,
    "lstm": {
      "window_size": 32,
      "window_stride": 4,
      "hidden_dim": 64,
      "num_layers": 1,
      "dropout": 0.1,
      "batch_size": 256,
      "epochs": 6,
      "patience": 2,
      "lr": 0.0003,
      "weight_decay": 1e-05,
      "bidirectional": true
    },
    "gat": {
      "graph_window_days": 60,
      "edge_temporal_days": 60,
      "edge_radius_km": 50.0,
      "local_subgraph_radius_km": 100.0,
      "max_nodes": 64,
      "min_nodes": 8,
      "graph_stride": 6,
      "max_train_graphs": 8000,
      "max_val_graphs": 2000,
      "max_test_graphs": 2000,
      "tcn_hidden": 32,
      "gat_hidden": 32,
      "heads": 2,
      "dropout": 0.15,
      "batch_size": 32,
      "epochs": 6,
      "patience": 2,
      "lr": 0.0005,
      "weight_decay": 1e-05
    }
  }
}
{
  "trial_index": 3,
  "model": "LSTM",
  "epoch": 1,
  "train_loss": 0.595943167563857,
  "val_threshold": 0.25,
  "val_precision": 0.2165849294717168,
  "val_recall": 0.9999262482483959,
  "val_f1": 0.3560492659996323,
  "val_accuracy": 0.2169067160604222,
  "val_balanced_accuracy": 0.5002280679764816,
  "val_auc_roc": 0.5303233001455663,
  "val_tpr_at_20_fpr": 0.2340880595914153,
  "val_actual_fpr_at_selected_roc_point": 0.1999714675851387,
  "val_roc_threshold_at_20_fpr": 0.44557055830955505
}
{
  "trial_index": 3,
  "model": "LSTM",
  "epoch": 2,
  "train_loss": 0.5908887555269915,
  "val_threshold": 0.25,
  "val_precision": 0.21724560159824707,
  "val_recall": 0.9944686186296925,
  "val_f1": 0.35659222235445015,
  "val_accuracy": 0.22302238686807396,
  "val_balanced_accuracy": 0.5021561508784226,
  "val_auc_roc": 0.5376705630629761,
  "val_tpr_at_20_fpr": 0.24227450401947045,
  "val_actual_fpr_at_selected_roc_point": 0.1999918478814682,
  "val_roc_threshold_at_20_fpr": 0.44057852029800415
}
{
  "trial_index": 3,
  "model": "LSTM",
  "epoch": 3,
  "train_loss": 0.5892294945159717,
  "val_threshold": 0.2,
  "val_precision": 0.21695496737579556,
  "val_recall": 0.9980824544582934,
  "val_f1": 0.3564317319848293,
  "val_accuracy": 0.21965317919075145,
  "val_balanced_accuracy": 0.5013136302698868,
  "val_auc_roc": 0.5373572139401714,
  "val_tpr_at_20_fpr": 0.24485581532561398,
  "val_actual_fpr_at_selected_roc_point": 0.2000122281777977,
  "val_roc_threshold_at_20_fpr": 0.41695594787597656
}
{
  "trial_index": 3,
  "model": "LSTM",
  "epoch": 4,
  "train_loss": 0.5879897895892776,
  "val_threshold": 0.2,
  "val_precision": 0.2166658668074419,
  "val_recall": 0.9988937237259385,
  "val_f1": 0.3560930721703694,
  "val_accuracy": 0.21786478459425798,
  "val_balanced_accuracy": 0.5004658766794448,
  "val_auc_roc": 0.5335955221355037,
  "val_tpr_at_20_fpr": 0.24338078029353197,
  "val_actual_fpr_at_selected_roc_point": 0.19993070699247967,
  "val_roc_threshold_at_20_fpr": 0.4109303057193756
}
Early stopping for LSTM on trial 3 at epoch 4
{
  "trial_index": 3,
  "model": "LSTM",
  "test_metrics": {
    "threshold": 0.25,
    "precision": 0.0725993443671544,
    "recall": 0.9988998899889989,
    "f1": 0.13536076326774002,
    "accuracy": 0.07386708395873919,
    "balanced_accuracy": 0.5001902903742278,
    "auc_roc": 0.5367711539150334,
    "tpr_at_20_fpr": 0.25456545654565454,
    "actual_fpr_at_selected_roc_point": 0.20009986053959125,
    "roc_threshold_at_20_fpr": 0.45322513580322266,
    "avg_batch_latency_ms": 1.0878899969005336,
    "ms_per_event": 0.004249570300392709
  }
}
Saved train graphs
Saved val graphs
Saved test graphs
{
  "trial_index": 3,
  "model": "GAT",
  "epoch": 1,
  "train_loss": 0.2634690445661545,
  "val_threshold": 0.8,
  "val_precision": 0.24052004333694474,
  "val_recall": 0.6397694524495677,
  "val_f1": 0.34960629921259845,
  "val_accuracy": 0.587,
  "val_balanced_accuracy": 0.6078460087414204,
  "val_auc_roc": 0.6443737785286031,
  "val_tpr_at_20_fpr": 0.3112391930835735,
  "val_actual_fpr_at_selected_roc_point": 0.20084694494857835,
  "val_roc_threshold_at_20_fpr": 0.9072485566139221
}
{
  "trial_index": 3,
  "model": "GAT",
  "epoch": 2,
  "train_loss": 0.17249565282464027,
  "val_threshold": 0.85,
  "val_precision": 0.38477801268498946,
  "val_recall": 0.5244956772334294,
  "val_f1": 0.44390243902439025,
  "val_accuracy": 0.772,
  "val_balanced_accuracy": 0.6742260600323227,
  "val_auc_roc": 0.7217093713116141,
  "val_tpr_at_20_fpr": 0.5360230547550432,
  "val_actual_fpr_at_selected_roc_point": 0.20689655172413793,
  "val_roc_threshold_at_20_fpr": 0.7755200266838074
}
{
  "trial_index": 3,
  "model": "GAT",
  "epoch": 3,
  "train_loss": 0.1410312114059925,
  "val_threshold": 0.4,
  "val_precision": 0.25688073394495414,
  "val_recall": 0.7262247838616714,
  "val_f1": 0.3795180722891566,
  "val_accuracy": 0.588,
  "val_balanced_accuracy": 0.6426042249616888,
  "val_auc_roc": 0.6714662538289478,
  "val_tpr_at_20_fpr": 0.3227665706051873,
  "val_actual_fpr_at_selected_roc_point": 0.1996370235934664,
  "val_roc_threshold_at_20_fpr": 0.8029868602752686
}
{
  "trial_index": 3,
  "model": "GAT",
  "epoch": 4,
  "train_loss": 0.12120004005730152,
  "val_threshold": 0.85,
  "val_precision": 0.3804100227790433,
  "val_recall": 0.4812680115273775,
  "val_f1": 0.42493638676844786,
  "val_accuracy": 0.774,
  "val_balanced_accuracy": 0.6583593536160783,
  "val_auc_roc": 0.6978360887810304,
  "val_tpr_at_20_fpr": 0.49279538904899134,
  "val_actual_fpr_at_selected_roc_point": 0.20810647307924984,
  "val_roc_threshold_at_20_fpr": 0.772357702255249
}
Early stopping for GAT on trial 3 at epoch 4
{
  "trial_index": 3,
  "model": "GAT",
  "test_metrics": {
    "threshold": 0.85,
    "precision": 0.26105563480741795,
    "recall": 0.8169642857142857,
    "f1": 0.3956756756756757,
    "accuracy": 0.7205,
    "balanced_accuracy": 0.7626488095238095,
    "auc_roc": 0.8466482665701416,
    "tpr_at_20_fpr": 0.78125,
    "actual_fpr_at_selected_roc_point": 0.20101351351351351,
    "roc_threshold_at_20_fpr": 0.9744910597801208,
    "avg_batch_latency_ms": 10.582895000698045,
    "ms_per_event": 0.3307154687718139
  }
}
{
  "trial_index": 3,
  "config": {
    "trial_index": 3,
    "lstm": {
      "window_size": 32,
      "window_stride": 4,
      "hidden_dim": 64,
      "num_layers": 1,
      "dropout": 0.1,
      "batch_size": 256,
      "epochs": 6,
      "patience": 2,
      "lr": 0.0003,
      "weight_decay": 1e-05,
      "bidirectional": true
    },
    "gat": {
      "graph_window_days": 60,
      "edge_temporal_days": 60,
      "edge_radius_km": 50.0,
      "local_subgraph_radius_km": 100.0,
      "max_nodes": 64,
      "min_nodes": 8,
      "graph_stride": 6,
      "max_train_graphs": 8000,
      "max_val_graphs": 2000,
      "max_test_graphs": 2000,
      "tcn_hidden": 32,
      "gat_hidden": 32,
      "heads": 2,
      "dropout": 0.15,
      "batch_size": 32,
      "epochs": 6,
      "patience": 2,
      "lr": 0.0005,
      "weight_decay": 1e-05
    }
  },
  "lstm": {
    "config": {
      "window_size": 32,
      "window_stride": 4,
      "hidden_dim": 64,
      "num_layers": 1,
      "dropout": 0.1,
      "batch_size": 256,
      "epochs": 6,
      "patience": 2,
      "lr": 0.0003,
      "weight_decay": 1e-05,
      "bidirectional": true
    },
    "history": [
      {
        "trial_index": 3,
        "model": "LSTM",
        "epoch": 1,
        "train_loss": 0.595943167563857,
        "val_threshold": 0.25,
        "val_precision": 0.2165849294717168,
        "val_recall": 0.9999262482483959,
        "val_f1": 0.3560492659996323,
        "val_accuracy": 0.2169067160604222,
        "val_balanced_accuracy": 0.5002280679764816,
        "val_auc_roc": 0.5303233001455663,
        "val_tpr_at_20_fpr": 0.2340880595914153,
        "val_actual_fpr_at_selected_roc_point": 0.1999714675851387,
        "val_roc_threshold_at_20_fpr": 0.44557055830955505
      },
      {
        "trial_index": 3,
        "model": "LSTM",
        "epoch": 2,
        "train_loss": 0.5908887555269915,
        "val_threshold": 0.25,
        "val_precision": 0.21724560159824707,
        "val_recall": 0.9944686186296925,
        "val_f1": 0.35659222235445015,
        "val_accuracy": 0.22302238686807396,
        "val_balanced_accuracy": 0.5021561508784226,
        "val_auc_roc": 0.5376705630629761,
        "val_tpr_at_20_fpr": 0.24227450401947045,
        "val_actual_fpr_at_selected_roc_point": 0.1999918478814682,
        "val_roc_threshold_at_20_fpr": 0.44057852029800415
      },
      {
        "trial_index": 3,
        "model": "LSTM",
        "epoch": 3,
        "train_loss": 0.5892294945159717,
        "val_threshold": 0.2,
        "val_precision": 0.21695496737579556,
        "val_recall": 0.9980824544582934,
        "val_f1": 0.3564317319848293,
        "val_accuracy": 0.21965317919075145,
        "val_balanced_accuracy": 0.5013136302698868,
        "val_auc_roc": 0.5373572139401714,
        "val_tpr_at_20_fpr": 0.24485581532561398,
        "val_actual_fpr_at_selected_roc_point": 0.2000122281777977,
        "val_roc_threshold_at_20_fpr": 0.41695594787597656
      },
      {
        "trial_index": 3,
        "model": "LSTM",
        "epoch": 4,
        "train_loss": 0.5879897895892776,
        "val_threshold": 0.2,
        "val_precision": 0.2166658668074419,
        "val_recall": 0.9988937237259385,
        "val_f1": 0.3560930721703694,
        "val_accuracy": 0.21786478459425798,
        "val_balanced_accuracy": 0.5004658766794448,
        "val_auc_roc": 0.5335955221355037,
        "val_tpr_at_20_fpr": 0.24338078029353197,
        "val_actual_fpr_at_selected_roc_point": 0.19993070699247967,
        "val_roc_threshold_at_20_fpr": 0.4109303057193756
      }
    ],
    "metrics": {
      "threshold": 0.25,
      "precision": 0.0725993443671544,
      "recall": 0.9988998899889989,
      "f1": 0.13536076326774002,
      "accuracy": 0.07386708395873919,
      "balanced_accuracy": 0.5001902903742278,
      "auc_roc": 0.5367711539150334,
      "tpr_at_20_fpr": 0.25456545654565454,
      "actual_fpr_at_selected_roc_point": 0.20009986053959125,
      "roc_threshold_at_20_fpr": 0.45322513580322266,
      "avg_batch_latency_ms": 1.0878899969005336,
      "ms_per_event": 0.004249570300392709
    }
  },
  "gat": {
    "config": {
      "graph_window_days": 60,
      "edge_temporal_days": 60,
      "edge_radius_km": 50.0,
      "local_subgraph_radius_km": 100.0,
      "max_nodes": 64,
      "min_nodes": 8,
      "graph_stride": 6,
      "max_train_graphs": 8000,
      "max_val_graphs": 2000,
      "max_test_graphs": 2000,
      "tcn_hidden": 32,
      "gat_hidden": 32,
      "heads": 2,
      "dropout": 0.15,
      "batch_size": 32,
      "epochs": 6,
      "patience": 2,
      "lr": 0.0005,
      "weight_decay": 1e-05
    },
    "history": [
      {
        "trial_index": 3,
        "model": "GAT",
        "epoch": 1,
        "train_loss": 0.2634690445661545,
        "val_threshold": 0.8,
        "val_precision": 0.24052004333694474,
        "val_recall": 0.6397694524495677,
        "val_f1": 0.34960629921259845,
        "val_accuracy": 0.587,
        "val_balanced_accuracy": 0.6078460087414204,
        "val_auc_roc": 0.6443737785286031,
        "val_tpr_at_20_fpr": 0.3112391930835735,
        "val_actual_fpr_at_selected_roc_point": 0.20084694494857835,
        "val_roc_threshold_at_20_fpr": 0.9072485566139221
      },
      {
        "trial_index": 3,
        "model": "GAT",
        "epoch": 2,
        "train_loss": 0.17249565282464027,
        "val_threshold": 0.85,
        "val_precision": 0.38477801268498946,
        "val_recall": 0.5244956772334294,
        "val_f1": 0.44390243902439025,
        "val_accuracy": 0.772,
        "val_balanced_accuracy": 0.6742260600323227,
        "val_auc_roc": 0.7217093713116141,
        "val_tpr_at_20_fpr": 0.5360230547550432,
        "val_actual_fpr_at_selected_roc_point": 0.20689655172413793,
        "val_roc_threshold_at_20_fpr": 0.7755200266838074
      },
      {
        "trial_index": 3,
        "model": "GAT",
        "epoch": 3,
        "train_loss": 0.1410312114059925,
        "val_threshold": 0.4,
        "val_precision": 0.25688073394495414,
        "val_recall": 0.7262247838616714,
        "val_f1": 0.3795180722891566,
        "val_accuracy": 0.588,
        "val_balanced_accuracy": 0.6426042249616888,
        "val_auc_roc": 0.6714662538289478,
        "val_tpr_at_20_fpr": 0.3227665706051873,
        "val_actual_fpr_at_selected_roc_point": 0.1996370235934664,
        "val_roc_threshold_at_20_fpr": 0.8029868602752686
      },
      {
        "trial_index": 3,
        "model": "GAT",
        "epoch": 4,
        "train_loss": 0.12120004005730152,
        "val_threshold": 0.85,
        "val_precision": 0.3804100227790433,
        "val_recall": 0.4812680115273775,
        "val_f1": 0.42493638676844786,
        "val_accuracy": 0.774,
        "val_balanced_accuracy": 0.6583593536160783,
        "val_auc_roc": 0.6978360887810304,
        "val_tpr_at_20_fpr": 0.49279538904899134,
        "val_actual_fpr_at_selected_roc_point": 0.20810647307924984,
        "val_roc_threshold_at_20_fpr": 0.772357702255249
      }
    ],
    "metrics": {
      "threshold": 0.85,
      "precision": 0.26105563480741795,
      "recall": 0.8169642857142857,
      "f1": 0.3956756756756757,
      "accuracy": 0.7205,
      "balanced_accuracy": 0.7626488095238095,
      "auc_roc": 0.8466482665701416,
      "tpr_at_20_fpr": 0.78125,
      "actual_fpr_at_selected_roc_point": 0.20101351351351351,
      "roc_threshold_at_20_fpr": 0.9744910597801208,
      "avg_batch_latency_ms": 10.582895000698045,
      "ms_per_event": 0.3307154687718139
    }
  },
  "proxy_ltss_improvement_pct": 192.311941897845,
  "lstm_target_report": {
    "checks": {
      "precision": false,
      "recall": true,
      "f1": false,
      "auc_roc": false,
      "tpr_at_20_fpr": false,
      "ms_per_event": true
    },
    "proxy_ltss_improvement_pct": null,
    "meets_all_targets": false
  },
  "lstm_score": 3.9296429734590053,
  "gat_target_report": {
    "checks": {
      "precision": false,
      "recall": false,
      "f1": false,
      "auc_roc": true,
      "tpr_at_20_fpr": false,
      "ms_per_event": true,
      "ltss_proxy_min_pct": true
    },
    "proxy_ltss_improvement_pct": 192.311941897845,
    "meets_all_targets": false
  },
  "gat_score": 6.738270773368496
}
