{
  "trial_index": 8,
  "config": {
    "trial_index": 8,
    "lstm": {
      "window_size": 40,
      "window_stride": 8,
      "hidden_dim": 64,
      "num_layers": 1,
      "dropout": 0.1,
      "batch_size": 256,
      "epochs": 6,
      "patience": 2,
      "lr": 0.0003,
      "weight_decay": 1e-05,
      "bidirectional": true
    },
    "gat": {
      "graph_window_days": 45,
      "edge_temporal_days": 15,
      "edge_radius_km": 125.0,
      "local_subgraph_radius_km": 125.0,
      "max_nodes": 64,
      "min_nodes": 8,
      "graph_stride": 6,
      "max_train_graphs": 8000,
      "max_val_graphs": 2000,
      "max_test_graphs": 2000,
      "tcn_hidden": 32,
      "gat_hidden": 32,
      "heads": 2,
      "dropout": 0.15,
      "batch_size": 32,
      "epochs": 6,
      "patience": 2,
      "lr": 0.0005,
      "weight_decay": 1e-05
    }
  }
}
{
  "trial_index": 8,
  "model": "LSTM",
  "epoch": 1,
  "train_loss": 0.5988545813144499,
  "val_threshold": 0.3,
  "val_precision": 0.21587271097451657,
  "val_recall": 0.998371335504886,
  "val_f1": 0.35498815477757306,
  "val_accuracy": 0.21742462953500255,
  "val_balanced_accuracy": 0.5005090654232631,
  "val_auc_roc": 0.5259385642030279,
  "val_tpr_at_20_fpr": 0.2278649689073142,
  "val_actual_fpr_at_selected_roc_point": 0.19985340825800146,
  "val_roc_threshold_at_20_fpr": 0.4635050594806671
}
{
  "trial_index": 8,
  "model": "LSTM",
  "epoch": 2,
  "train_loss": 0.5917298626194949,
  "val_threshold": 0.3,
  "val_precision": 0.22297197093281923,
  "val_recall": 0.8904352976014214,
  "val_f1": 0.3566387949949594,
  "val_accuracy": 0.3070388349514563,
  "val_balanced_accuracy": 0.5185135197999777,
  "val_auc_roc": 0.5454449412428436,
  "val_tpr_at_20_fpr": 0.2438554930411608,
  "val_actual_fpr_at_selected_roc_point": 0.20009772782799903,
  "val_roc_threshold_at_20_fpr": 0.45625075697898865
}
{
  "trial_index": 8,
  "model": "LSTM",
  "epoch": 3,
  "train_loss": 0.5903717244195698,
  "val_threshold": 0.3,
  "val_precision": 0.2203923468152095,
  "val_recall": 0.9431448030796565,
  "val_f1": 0.3572930981293996,
  "val_accuracy": 0.2681080735820133,
  "val_balanced_accuracy": 0.512801328976916,
  "val_auc_roc": 0.5440549079475195,
  "val_tpr_at_20_fpr": 0.2405981640509328,
  "val_actual_fpr_at_selected_roc_point": 0.19993484811466733,
  "val_roc_threshold_at_20_fpr": 0.460574746131897
}
{
  "trial_index": 8,
  "model": "LSTM",
  "epoch": 4,
  "train_loss": 0.5892505738145598,
  "val_threshold": 0.25,
  "val_precision": 0.22016835016835018,
  "val_recall": 0.9681670121409535,
  "val_f1": 0.35875349755856695,
  "val_accuracy": 0.2534491568727644,
  "val_balanced_accuracy": 0.5125263760110257,
  "val_auc_roc": 0.5540405810923084,
  "val_tpr_at_20_fpr": 0.25954989635771397,
  "val_actual_fpr_at_selected_roc_point": 0.20001628797133317,
  "val_roc_threshold_at_20_fpr": 0.39613020420074463
}
{
  "trial_index": 8,
  "model": "LSTM",
  "epoch": 5,
  "train_loss": 0.588322482954794,
  "val_threshold": 0.3,
  "val_precision": 0.22496991342831632,
  "val_recall": 0.858010068107788,
  "val_f1": 0.35647279549718575,
  "val_accuracy": 0.3317897291773122,
  "val_balanced_accuracy": 0.5225387094346253,
  "val_auc_roc": 0.5475960766632414,
  "val_tpr_at_20_fpr": 0.2503701510216168,
  "val_actual_fpr_at_selected_roc_point": 0.20001628797133317,
  "val_roc_threshold_at_20_fpr": 0.4200111925601959
}
{
  "trial_index": 8,
  "model": "LSTM",
  "epoch": 6,
  "train_loss": 0.5876183490488456,
  "val_threshold": 0.3,
  "val_precision": 0.22471782440724186,
  "val_recall": 0.8784424045010364,
  "val_f1": 0.3578839425744963,
  "val_accuracy": 0.3200689831374553,
  "val_balanced_accuracy": 0.5224730957271857,
  "val_auc_roc": 0.5481077647055193,
  "val_tpr_at_20_fpr": 0.25051821143026354,
  "val_actual_fpr_at_selected_roc_point": 0.19993484811466733,
  "val_roc_threshold_at_20_fpr": 0.43795958161354065
}
Early stopping for LSTM on trial 8 at epoch 6
{
  "trial_index": 8,
  "model": "LSTM",
  "test_metrics": {
    "threshold": 0.25,
    "precision": 0.07174613402061855,
    "recall": 0.9950848972296693,
    "f1": 0.13384217801550574,
    "accuracy": 0.07945835462442515,
    "balanced_accuracy": 0.502030995082469,
    "auc_roc": 0.5424999614247408,
    "tpr_at_20_fpr": 0.2680965147453083,
    "actual_fpr_at_selected_roc_point": 0.19962853408543715,
    "roc_threshold_at_20_fpr": 0.4180503189563751,
    "avg_batch_latency_ms": 0.8644799934700131,
    "ms_per_event": 0.003376874974492239
  }
}
Saved train graphs
Saved val graphs
Saved test graphs
{
  "trial_index": 8,
  "model": "GAT",
  "epoch": 1,
  "train_loss": 0.24833487531542778,
  "val_threshold": 0.75,
  "val_precision": 0.2484375,
  "val_recall": 0.45042492917847027,
  "val_f1": 0.3202416918429003,
  "val_accuracy": 0.6625,
  "val_balanced_accuracy": 0.5791893923366547,
  "val_auc_roc": 0.5208302158100142,
  "val_tpr_at_20_fpr": 0.35127478753541075,
  "val_actual_fpr_at_selected_roc_point": 0.1973284760170006,
  "val_roc_threshold_at_20_fpr": 0.86245197057724
}
{
  "trial_index": 8,
  "model": "GAT",
  "epoch": 2,
  "train_loss": 0.18795711839199067,
  "val_threshold": 0.8,
  "val_precision": 0.218209179834462,
  "val_recall": 0.8215297450424929,
  "val_f1": 0.3448275862068966,
  "val_accuracy": 0.449,
  "val_balanced_accuracy": 0.5953428931648408,
  "val_auc_roc": 0.6028438692721422,
  "val_tpr_at_20_fpr": 0.35410764872521244,
  "val_actual_fpr_at_selected_roc_point": 0.1955069823922283,
  "val_roc_threshold_at_20_fpr": 0.9852383732795715
}
{
  "trial_index": 8,
  "model": "GAT",
  "epoch": 3,
  "train_loss": 0.15734615801274776,
  "val_threshold": 0.85,
  "val_precision": 0.26478616924476794,
  "val_recall": 0.8243626062322946,
  "val_f1": 0.40082644628099173,
  "val_accuracy": 0.565,
  "val_balanced_accuracy": 0.6668868283134758,
  "val_auc_roc": 0.6362344790339032,
  "val_tpr_at_20_fpr": 0.37110481586402266,
  "val_actual_fpr_at_selected_roc_point": 0.19186399514268368,
  "val_roc_threshold_at_20_fpr": 0.9999206066131592
}
{
  "trial_index": 8,
  "model": "GAT",
  "epoch": 4,
  "train_loss": 0.13065280324965717,
  "val_threshold": 0.2,
  "val_precision": 0.2771996215704825,
  "val_recall": 0.830028328611898,
  "val_f1": 0.4156028368794326,
  "val_accuracy": 0.588,
  "val_balanced_accuracy": 0.6830773094182745,
  "val_auc_roc": 0.650084882634922,
  "val_tpr_at_20_fpr": 0.3626062322946176,
  "val_actual_fpr_at_selected_roc_point": 0.20036429872495445,
  "val_roc_threshold_at_20_fpr": 0.995542585849762
}
{
  "trial_index": 8,
  "model": "GAT",
  "epoch": 5,
  "train_loss": 0.12010467946529388,
  "val_threshold": 0.05,
  "val_precision": 0.28056872037914693,
  "val_recall": 0.8385269121813032,
  "val_f1": 0.42045454545454547,
  "val_accuracy": 0.592,
  "val_balanced_accuracy": 0.688844512556954,
  "val_auc_roc": 0.6484921507212874,
  "val_tpr_at_20_fpr": 0.3597733711048159,
  "val_actual_fpr_at_selected_roc_point": 0.20461445051608987,
  "val_roc_threshold_at_20_fpr": 0.9113017320632935
}
{
  "trial_index": 8,
  "model": "GAT",
  "epoch": 6,
  "train_loss": 0.11495978830754756,
  "val_threshold": 0.9,
  "val_precision": 0.2912513842746401,
  "val_recall": 0.7450424929178471,
  "val_f1": 0.41878980891719747,
  "val_accuracy": 0.635,
  "val_balanced_accuracy": 0.6782285931498768,
  "val_auc_roc": 0.6419698619345673,
  "val_tpr_at_20_fpr": 0.3654390934844193,
  "val_actual_fpr_at_selected_roc_point": 0.20765027322404372,
  "val_roc_threshold_at_20_fpr": 0.9997960925102234
}
{
  "trial_index": 8,
  "model": "GAT",
  "test_metrics": {
    "threshold": 0.05,
    "precision": 0.11229135053110774,
    "recall": 0.6324786324786325,
    "f1": 0.19072164948453607,
    "accuracy": 0.372,
    "balanced_accuracy": 0.4849822380966209,
    "auc_roc": 0.5174327999922563,
    "tpr_at_20_fpr": 0.2905982905982906,
    "actual_fpr_at_selected_roc_point": 0.19988674971687428,
    "roc_threshold_at_20_fpr": 0.9999951124191284,
    "avg_batch_latency_ms": 9.929270000429824,
    "ms_per_event": 0.310289687513432
  }
}
{
  "trial_index": 8,
  "config": {
    "trial_index": 8,
    "lstm": {
      "window_size": 40,
      "window_stride": 8,
      "hidden_dim": 64,
      "num_layers": 1,
      "dropout": 0.1,
      "batch_size": 256,
      "epochs": 6,
      "patience": 2,
      "lr": 0.0003,
      "weight_decay": 1e-05,
      "bidirectional": true
    },
    "gat": {
      "graph_window_days": 45,
      "edge_temporal_days": 15,
      "edge_radius_km": 125.0,
      "local_subgraph_radius_km": 125.0,
      "max_nodes": 64,
      "min_nodes": 8,
      "graph_stride": 6,
      "max_train_graphs": 8000,
      "max_val_graphs": 2000,
      "max_test_graphs": 2000,
      "tcn_hidden": 32,
      "gat_hidden": 32,
      "heads": 2,
      "dropout": 0.15,
      "batch_size": 32,
      "epochs": 6,
      "patience": 2,
      "lr": 0.0005,
      "weight_decay": 1e-05
    }
  },
  "lstm": {
    "config": {
      "window_size": 40,
      "window_stride": 8,
      "hidden_dim": 64,
      "num_layers": 1,
      "dropout": 0.1,
      "batch_size": 256,
      "epochs": 6,
      "patience": 2,
      "lr": 0.0003,
      "weight_decay": 1e-05,
      "bidirectional": true
    },
    "history": [
      {
        "trial_index": 8,
        "model": "LSTM",
        "epoch": 1,
        "train_loss": 0.5988545813144499,
        "val_threshold": 0.3,
        "val_precision": 0.21587271097451657,
        "val_recall": 0.998371335504886,
        "val_f1": 0.35498815477757306,
        "val_accuracy": 0.21742462953500255,
        "val_balanced_accuracy": 0.5005090654232631,
        "val_auc_roc": 0.5259385642030279,
        "val_tpr_at_20_fpr": 0.2278649689073142,
        "val_actual_fpr_at_selected_roc_point": 0.19985340825800146,
        "val_roc_threshold_at_20_fpr": 0.4635050594806671
      },
      {
        "trial_index": 8,
        "model": "LSTM",
        "epoch": 2,
        "train_loss": 0.5917298626194949,
        "val_threshold": 0.3,
        "val_precision": 0.22297197093281923,
        "val_recall": 0.8904352976014214,
        "val_f1": 0.3566387949949594,
        "val_accuracy": 0.3070388349514563,
        "val_balanced_accuracy": 0.5185135197999777,
        "val_auc_roc": 0.5454449412428436,
        "val_tpr_at_20_fpr": 0.2438554930411608,
        "val_actual_fpr_at_selected_roc_point": 0.20009772782799903,
        "val_roc_threshold_at_20_fpr": 0.45625075697898865
      },
      {
        "trial_index": 8,
        "model": "LSTM",
        "epoch": 3,
        "train_loss": 0.5903717244195698,
        "val_threshold": 0.3,
        "val_precision": 0.2203923468152095,
        "val_recall": 0.9431448030796565,
        "val_f1": 0.3572930981293996,
        "val_accuracy": 0.2681080735820133,
        "val_balanced_accuracy": 0.512801328976916,
        "val_auc_roc": 0.5440549079475195,
        "val_tpr_at_20_fpr": 0.2405981640509328,
        "val_actual_fpr_at_selected_roc_point": 0.19993484811466733,
        "val_roc_threshold_at_20_fpr": 0.460574746131897
      },
      {
        "trial_index": 8,
        "model": "LSTM",
        "epoch": 4,
        "train_loss": 0.5892505738145598,
        "val_threshold": 0.25,
        "val_precision": 0.22016835016835018,
        "val_recall": 0.9681670121409535,
        "val_f1": 0.35875349755856695,
        "val_accuracy": 0.2534491568727644,
        "val_balanced_accuracy": 0.5125263760110257,
        "val_auc_roc": 0.5540405810923084,
        "val_tpr_at_20_fpr": 0.25954989635771397,
        "val_actual_fpr_at_selected_roc_point": 0.20001628797133317,
        "val_roc_threshold_at_20_fpr": 0.39613020420074463
      },
      {
        "trial_index": 8,
        "model": "LSTM",
        "epoch": 5,
        "train_loss": 0.588322482954794,
        "val_threshold": 0.3,
        "val_precision": 0.22496991342831632,
        "val_recall": 0.858010068107788,
        "val_f1": 0.35647279549718575,
        "val_accuracy": 0.3317897291773122,
        "val_balanced_accuracy": 0.5225387094346253,
        "val_auc_roc": 0.5475960766632414,
        "val_tpr_at_20_fpr": 0.2503701510216168,
        "val_actual_fpr_at_selected_roc_point": 0.20001628797133317,
        "val_roc_threshold_at_20_fpr": 0.4200111925601959
      },
      {
        "trial_index": 8,
        "model": "LSTM",
        "epoch": 6,
        "train_loss": 0.5876183490488456,
        "val_threshold": 0.3,
        "val_precision": 0.22471782440724186,
        "val_recall": 0.8784424045010364,
        "val_f1": 0.3578839425744963,
        "val_accuracy": 0.3200689831374553,
        "val_balanced_accuracy": 0.5224730957271857,
        "val_auc_roc": 0.5481077647055193,
        "val_tpr_at_20_fpr": 0.25051821143026354,
        "val_actual_fpr_at_selected_roc_point": 0.19993484811466733,
        "val_roc_threshold_at_20_fpr": 0.43795958161354065
      }
    ],
    "metrics": {
      "threshold": 0.25,
      "precision": 0.07174613402061855,
      "recall": 0.9950848972296693,
      "f1": 0.13384217801550574,
      "accuracy": 0.07945835462442515,
      "balanced_accuracy": 0.502030995082469,
      "auc_roc": 0.5424999614247408,
      "tpr_at_20_fpr": 0.2680965147453083,
      "actual_fpr_at_selected_roc_point": 0.19962853408543715,
      "roc_threshold_at_20_fpr": 0.4180503189563751,
      "avg_batch_latency_ms": 0.8644799934700131,
      "ms_per_event": 0.003376874974492239
    }
  },
  "gat": {
    "config": {
      "graph_window_days": 45,
      "edge_temporal_days": 15,
      "edge_radius_km": 125.0,
      "local_subgraph_radius_km": 125.0,
      "max_nodes": 64,
      "min_nodes": 8,
      "graph_stride": 6,
      "max_train_graphs": 8000,
      "max_val_graphs": 2000,
      "max_test_graphs": 2000,
      "tcn_hidden": 32,
      "gat_hidden": 32,
      "heads": 2,
      "dropout": 0.15,
      "batch_size": 32,
      "epochs": 6,
      "patience": 2,
      "lr": 0.0005,
      "weight_decay": 1e-05
    },
    "history": [
      {
        "trial_index": 8,
        "model": "GAT",
        "epoch": 1,
        "train_loss": 0.24833487531542778,
        "val_threshold": 0.75,
        "val_precision": 0.2484375,
        "val_recall": 0.45042492917847027,
        "val_f1": 0.3202416918429003,
        "val_accuracy": 0.6625,
        "val_balanced_accuracy": 0.5791893923366547,
        "val_auc_roc": 0.5208302158100142,
        "val_tpr_at_20_fpr": 0.35127478753541075,
        "val_actual_fpr_at_selected_roc_point": 0.1973284760170006,
        "val_roc_threshold_at_20_fpr": 0.86245197057724
      },
      {
        "trial_index": 8,
        "model": "GAT",
        "epoch": 2,
        "train_loss": 0.18795711839199067,
        "val_threshold": 0.8,
        "val_precision": 0.218209179834462,
        "val_recall": 0.8215297450424929,
        "val_f1": 0.3448275862068966,
        "val_accuracy": 0.449,
        "val_balanced_accuracy": 0.5953428931648408,
        "val_auc_roc": 0.6028438692721422,
        "val_tpr_at_20_fpr": 0.35410764872521244,
        "val_actual_fpr_at_selected_roc_point": 0.1955069823922283,
        "val_roc_threshold_at_20_fpr": 0.9852383732795715
      },
      {
        "trial_index": 8,
        "model": "GAT",
        "epoch": 3,
        "train_loss": 0.15734615801274776,
        "val_threshold": 0.85,
        "val_precision": 0.26478616924476794,
        "val_recall": 0.8243626062322946,
        "val_f1": 0.40082644628099173,
        "val_accuracy": 0.565,
        "val_balanced_accuracy": 0.6668868283134758,
        "val_auc_roc": 0.6362344790339032,
        "val_tpr_at_20_fpr": 0.37110481586402266,
        "val_actual_fpr_at_selected_roc_point": 0.19186399514268368,
        "val_roc_threshold_at_20_fpr": 0.9999206066131592
      },
      {
        "trial_index": 8,
        "model": "GAT",
        "epoch": 4,
        "train_loss": 0.13065280324965717,
        "val_threshold": 0.2,
        "val_precision": 0.2771996215704825,
        "val_recall": 0.830028328611898,
        "val_f1": 0.4156028368794326,
        "val_accuracy": 0.588,
        "val_balanced_accuracy": 0.6830773094182745,
        "val_auc_roc": 0.650084882634922,
        "val_tpr_at_20_fpr": 0.3626062322946176,
        "val_actual_fpr_at_selected_roc_point": 0.20036429872495445,
        "val_roc_threshold_at_20_fpr": 0.995542585849762
      },
      {
        "trial_index": 8,
        "model": "GAT",
        "epoch": 5,
        "train_loss": 0.12010467946529388,
        "val_threshold": 0.05,
        "val_precision": 0.28056872037914693,
        "val_recall": 0.8385269121813032,
        "val_f1": 0.42045454545454547,
        "val_accuracy": 0.592,
        "val_balanced_accuracy": 0.688844512556954,
        "val_auc_roc": 0.6484921507212874,
        "val_tpr_at_20_fpr": 0.3597733711048159,
        "val_actual_fpr_at_selected_roc_point": 0.20461445051608987,
        "val_roc_threshold_at_20_fpr": 0.9113017320632935
      },
      {
        "trial_index": 8,
        "model": "GAT",
        "epoch": 6,
        "train_loss": 0.11495978830754756,
        "val_threshold": 0.9,
        "val_precision": 0.2912513842746401,
        "val_recall": 0.7450424929178471,
        "val_f1": 0.41878980891719747,
        "val_accuracy": 0.635,
        "val_balanced_accuracy": 0.6782285931498768,
        "val_auc_roc": 0.6419698619345673,
        "val_tpr_at_20_fpr": 0.3654390934844193,
        "val_actual_fpr_at_selected_roc_point": 0.20765027322404372,
        "val_roc_threshold_at_20_fpr": 0.9997960925102234
      }
    ],
    "metrics": {
      "threshold": 0.05,
      "precision": 0.11229135053110774,
      "recall": 0.6324786324786325,
      "f1": 0.19072164948453607,
      "accuracy": 0.372,
      "balanced_accuracy": 0.4849822380966209,
      "auc_roc": 0.5174327999922563,
      "tpr_at_20_fpr": 0.2905982905982906,
      "actual_fpr_at_selected_roc_point": 0.19988674971687428,
      "roc_threshold_at_20_fpr": 0.9999951124191284,
      "avg_batch_latency_ms": 9.929270000429824,
      "ms_per_event": 0.310289687513432
    }
  },
  "proxy_ltss_improvement_pct": 42.49741920849554,
  "lstm_target_report": {
    "checks": {
      "precision": false,
      "recall": true,
      "f1": false,
      "auc_roc": false,
      "tpr_at_20_fpr": false,
      "ms_per_event": true
    },
    "proxy_ltss_improvement_pct": null,
    "meets_all_targets": false
  },
  "lstm_score": 3.9448701870988465,
  "gat_target_report": {
    "checks": {
      "precision": false,
      "recall": false,
      "f1": false,
      "auc_roc": false,
      "tpr_at_20_fpr": false,
      "ms_per_event": true,
      "ltss_proxy_min_pct": true
    },
    "proxy_ltss_improvement_pct": 42.49741920849554,
    "meets_all_targets": false
  },
  "gat_score": 5.119536220043696
}
