{
  "trial_index": 15,
  "config": {
    "trial_index": 15,
    "lstm": {
      "window_size": 32,
      "window_stride": 8,
      "hidden_dim": 96,
      "num_layers": 1,
      "dropout": 0.1,
      "batch_size": 256,
      "epochs": 6,
      "patience": 2,
      "lr": 0.0003,
      "weight_decay": 1e-05,
      "bidirectional": true
    },
    "gat": {
      "graph_window_days": 60,
      "edge_temporal_days": 15,
      "edge_radius_km": 100.0,
      "local_subgraph_radius_km": 150.0,
      "max_nodes": 64,
      "min_nodes": 8,
      "graph_stride": 6,
      "max_train_graphs": 8000,
      "max_val_graphs": 2000,
      "max_test_graphs": 2000,
      "tcn_hidden": 32,
      "gat_hidden": 32,
      "heads": 2,
      "dropout": 0.15,
      "batch_size": 32,
      "epochs": 6,
      "patience": 2,
      "lr": 0.0005,
      "weight_decay": 1e-05
    }
  }
}
{
  "trial_index": 15,
  "model": "LSTM",
  "epoch": 1,
  "train_loss": 0.6002528477935544,
  "val_threshold": 0.05,
  "val_precision": 0.21569316258423019,
  "val_recall": 1.0,
  "val_f1": 0.35484803110305513,
  "val_accuracy": 0.21569316258423019,
  "val_balanced_accuracy": 0.5,
  "val_auc_roc": 0.525178830314452,
  "val_tpr_at_20_fpr": 0.22564406277761326,
  "val_actual_fpr_at_selected_roc_point": 0.20004886192434546,
  "val_roc_threshold_at_20_fpr": 0.46207860112190247
}
{
  "trial_index": 15,
  "model": "LSTM",
  "epoch": 2,
  "train_loss": 0.5931028412156768,
  "val_threshold": 0.25,
  "val_precision": 0.21625875248924006,
  "val_recall": 0.9968907314184187,
  "val_f1": 0.35541596283783783,
  "val_accuracy": 0.2200683422220803,
  "val_balanced_accuracy": 0.5016621090619517,
  "val_auc_roc": 0.5354099799889657,
  "val_tpr_at_20_fpr": 0.23053005626295528,
  "val_actual_fpr_at_selected_roc_point": 0.20008958019463333,
  "val_roc_threshold_at_20_fpr": 0.39778244495391846
}
{
  "trial_index": 15,
  "model": "LSTM",
  "epoch": 3,
  "train_loss": 0.5913483636707562,
  "val_threshold": 0.3,
  "val_precision": 0.21683078517750712,
  "val_recall": 0.9911163754811964,
  "val_f1": 0.35581778557380533,
  "val_accuracy": 0.2259444958962731,
  "val_balanced_accuracy": 0.503315018230439,
  "val_auc_roc": 0.5394965383019479,
  "val_tpr_at_20_fpr": 0.23793307669529168,
  "val_actual_fpr_at_selected_roc_point": 0.20004886192434546,
  "val_roc_threshold_at_20_fpr": 0.46100711822509766
}
{
  "trial_index": 15,
  "model": "LSTM",
  "epoch": 4,
  "train_loss": 0.5897420420007218,
  "val_threshold": 0.25,
  "val_precision": 0.21797848337202838,
  "val_recall": 0.9869706840390879,
  "val_f1": 0.3570912012856569,
  "val_accuracy": 0.23344936607798678,
  "val_balanced_accuracy": 0.5065966250522408,
  "val_auc_roc": 0.5497754779866142,
  "val_tpr_at_20_fpr": 0.2503701510216168,
  "val_actual_fpr_at_selected_roc_point": 0.19980455230261818,
  "val_roc_threshold_at_20_fpr": 0.41023650765419006
}
{
  "trial_index": 15,
  "model": "LSTM",
  "epoch": 5,
  "train_loss": 0.5885560016625204,
  "val_threshold": 0.2,
  "val_precision": 0.21689195728618899,
  "val_recall": 0.9954101273319514,
  "val_f1": 0.35617599533787186,
  "val_accuracy": 0.22380480950403986,
  "val_balanced_accuracy": 0.5035074171819983,
  "val_auc_roc": 0.5478574448895935,
  "val_tpr_at_20_fpr": 0.25806929227124664,
  "val_actual_fpr_at_selected_roc_point": 0.20000814365405759,
  "val_roc_threshold_at_20_fpr": 0.3860577642917633
}
{
  "trial_index": 15,
  "model": "LSTM",
  "epoch": 6,
  "train_loss": 0.5876465031545456,
  "val_threshold": 0.2,
  "val_precision": 0.21725250024432355,
  "val_recall": 0.9874148652650281,
  "val_f1": 0.35614536327467894,
  "val_accuracy": 0.2299364481205889,
  "val_balanced_accuracy": 0.5045181333939457,
  "val_auc_roc": 0.5457068703176626,
  "val_tpr_at_20_fpr": 0.2522949363340243,
  "val_actual_fpr_at_selected_roc_point": 0.20000814365405759,
  "val_roc_threshold_at_20_fpr": 0.39120540022850037
}
Early stopping for LSTM on trial 15 at epoch 6
{
  "trial_index": 15,
  "model": "LSTM",
  "test_metrics": {
    "threshold": 0.25,
    "precision": 0.07158198429235454,
    "recall": 0.9973202322465387,
    "f1": 0.13357659867201052,
    "accuracy": 0.07488902372816403,
    "balanced_accuracy": 0.5005862356802618,
    "auc_roc": 0.5351267420894514,
    "tpr_at_20_fpr": 0.2585975882090219,
    "actual_fpr_at_selected_roc_point": 0.19986929903006123,
    "roc_threshold_at_20_fpr": 0.43429988622665405,
    "avg_batch_latency_ms": 2.033240004675463,
    "ms_per_event": 0.007942343768263527
  }
}
Saved train graphs
Saved val graphs
Saved test graphs
{
  "trial_index": 15,
  "model": "GAT",
  "epoch": 1,
  "train_loss": 0.264534061729908,
  "val_threshold": 0.05,
  "val_precision": 0.17508754377188596,
  "val_recall": 0.9971509971509972,
  "val_f1": 0.2978723404255319,
  "val_accuracy": 0.175,
  "val_balanced_accuracy": 0.4985754985754986,
  "val_auc_roc": 0.49522545823334185,
  "val_tpr_at_20_fpr": 0.27635327635327633,
  "val_actual_fpr_at_selected_roc_point": 0.19951485748938752,
  "val_roc_threshold_at_20_fpr": 0.7733460068702698
}
{
  "trial_index": 15,
  "model": "GAT",
  "epoch": 2,
  "train_loss": 0.19941546094417573,
  "val_threshold": 0.1,
  "val_precision": 0.19228450874020495,
  "val_recall": 0.9088319088319088,
  "val_f1": 0.3174129353233831,
  "val_accuracy": 0.314,
  "val_balanced_accuracy": 0.548109101777992,
  "val_auc_roc": 0.5724318804973747,
  "val_tpr_at_20_fpr": 0.25925925925925924,
  "val_actual_fpr_at_selected_roc_point": 0.2031534263189812,
  "val_roc_threshold_at_20_fpr": 0.5666971802711487
}
{
  "trial_index": 15,
  "model": "GAT",
  "epoch": 3,
  "train_loss": 0.16741003859043121,
  "val_threshold": 0.05,
  "val_precision": 0.2813121272365805,
  "val_recall": 0.8062678062678063,
  "val_f1": 0.4170965364775239,
  "val_accuracy": 0.6045,
  "val_balanced_accuracy": 0.6839101311508831,
  "val_auc_roc": 0.6762934973971967,
  "val_tpr_at_20_fpr": 0.19943019943019943,
  "val_actual_fpr_at_selected_roc_point": 0.19951485748938752,
  "val_roc_threshold_at_20_fpr": 0.30529558658599854
}
{
  "trial_index": 15,
  "model": "GAT",
  "epoch": 4,
  "train_loss": 0.14928114700317383,
  "val_threshold": 0.05,
  "val_precision": 0.26593406593406593,
  "val_recall": 0.6894586894586895,
  "val_f1": 0.3838223632038065,
  "val_accuracy": 0.6115,
  "val_balanced_accuracy": 0.6421823465486292,
  "val_auc_roc": 0.6234098538525464,
  "val_tpr_at_20_fpr": 0.20512820512820512,
  "val_actual_fpr_at_selected_roc_point": 0.19951485748938752,
  "val_roc_threshold_at_20_fpr": 0.15225352346897125
}
{
  "trial_index": 15,
  "model": "GAT",
  "epoch": 5,
  "train_loss": 0.13063467215001584,
  "val_threshold": 0.05,
  "val_precision": 0.2723735408560311,
  "val_recall": 0.7977207977207977,
  "val_f1": 0.40609137055837563,
  "val_accuracy": 0.5905,
  "val_balanced_accuracy": 0.6720562751490586,
  "val_auc_roc": 0.6741709989132669,
  "val_tpr_at_20_fpr": 0.358974358974359,
  "val_actual_fpr_at_selected_roc_point": 0.20012128562765313,
  "val_roc_threshold_at_20_fpr": 0.2395002692937851
}
Early stopping for GAT on trial 15 at epoch 5
{
  "trial_index": 15,
  "model": "GAT",
  "test_metrics": {
    "threshold": 0.05,
    "precision": 0.14121037463976946,
    "recall": 0.8340425531914893,
    "f1": 0.24152803450400492,
    "accuracy": 0.3845,
    "balanced_accuracy": 0.5793442227713821,
    "auc_roc": 0.6176939304442167,
    "tpr_at_20_fpr": 0.3574468085106383,
    "actual_fpr_at_selected_roc_point": 0.201699716713881,
    "roc_threshold_at_20_fpr": 0.3164224922657013,
    "avg_batch_latency_ms": 21.71892000187654,
    "ms_per_event": 0.6787162500586419
  }
}
{
  "trial_index": 15,
  "config": {
    "trial_index": 15,
    "lstm": {
      "window_size": 32,
      "window_stride": 8,
      "hidden_dim": 96,
      "num_layers": 1,
      "dropout": 0.1,
      "batch_size": 256,
      "epochs": 6,
      "patience": 2,
      "lr": 0.0003,
      "weight_decay": 1e-05,
      "bidirectional": true
    },
    "gat": {
      "graph_window_days": 60,
      "edge_temporal_days": 15,
      "edge_radius_km": 100.0,
      "local_subgraph_radius_km": 150.0,
      "max_nodes": 64,
      "min_nodes": 8,
      "graph_stride": 6,
      "max_train_graphs": 8000,
      "max_val_graphs": 2000,
      "max_test_graphs": 2000,
      "tcn_hidden": 32,
      "gat_hidden": 32,
      "heads": 2,
      "dropout": 0.15,
      "batch_size": 32,
      "epochs": 6,
      "patience": 2,
      "lr": 0.0005,
      "weight_decay": 1e-05
    }
  },
  "lstm": {
    "config": {
      "window_size": 32,
      "window_stride": 8,
      "hidden_dim": 96,
      "num_layers": 1,
      "dropout": 0.1,
      "batch_size": 256,
      "epochs": 6,
      "patience": 2,
      "lr": 0.0003,
      "weight_decay": 1e-05,
      "bidirectional": true
    },
    "history": [
      {
        "trial_index": 15,
        "model": "LSTM",
        "epoch": 1,
        "train_loss": 0.6002528477935544,
        "val_threshold": 0.05,
        "val_precision": 0.21569316258423019,
        "val_recall": 1.0,
        "val_f1": 0.35484803110305513,
        "val_accuracy": 0.21569316258423019,
        "val_balanced_accuracy": 0.5,
        "val_auc_roc": 0.525178830314452,
        "val_tpr_at_20_fpr": 0.22564406277761326,
        "val_actual_fpr_at_selected_roc_point": 0.20004886192434546,
        "val_roc_threshold_at_20_fpr": 0.46207860112190247
      },
      {
        "trial_index": 15,
        "model": "LSTM",
        "epoch": 2,
        "train_loss": 0.5931028412156768,
        "val_threshold": 0.25,
        "val_precision": 0.21625875248924006,
        "val_recall": 0.9968907314184187,
        "val_f1": 0.35541596283783783,
        "val_accuracy": 0.2200683422220803,
        "val_balanced_accuracy": 0.5016621090619517,
        "val_auc_roc": 0.5354099799889657,
        "val_tpr_at_20_fpr": 0.23053005626295528,
        "val_actual_fpr_at_selected_roc_point": 0.20008958019463333,
        "val_roc_threshold_at_20_fpr": 0.39778244495391846
      },
      {
        "trial_index": 15,
        "model": "LSTM",
        "epoch": 3,
        "train_loss": 0.5913483636707562,
        "val_threshold": 0.3,
        "val_precision": 0.21683078517750712,
        "val_recall": 0.9911163754811964,
        "val_f1": 0.35581778557380533,
        "val_accuracy": 0.2259444958962731,
        "val_balanced_accuracy": 0.503315018230439,
        "val_auc_roc": 0.5394965383019479,
        "val_tpr_at_20_fpr": 0.23793307669529168,
        "val_actual_fpr_at_selected_roc_point": 0.20004886192434546,
        "val_roc_threshold_at_20_fpr": 0.46100711822509766
      },
      {
        "trial_index": 15,
        "model": "LSTM",
        "epoch": 4,
        "train_loss": 0.5897420420007218,
        "val_threshold": 0.25,
        "val_precision": 0.21797848337202838,
        "val_recall": 0.9869706840390879,
        "val_f1": 0.3570912012856569,
        "val_accuracy": 0.23344936607798678,
        "val_balanced_accuracy": 0.5065966250522408,
        "val_auc_roc": 0.5497754779866142,
        "val_tpr_at_20_fpr": 0.2503701510216168,
        "val_actual_fpr_at_selected_roc_point": 0.19980455230261818,
        "val_roc_threshold_at_20_fpr": 0.41023650765419006
      },
      {
        "trial_index": 15,
        "model": "LSTM",
        "epoch": 5,
        "train_loss": 0.5885560016625204,
        "val_threshold": 0.2,
        "val_precision": 0.21689195728618899,
        "val_recall": 0.9954101273319514,
        "val_f1": 0.35617599533787186,
        "val_accuracy": 0.22380480950403986,
        "val_balanced_accuracy": 0.5035074171819983,
        "val_auc_roc": 0.5478574448895935,
        "val_tpr_at_20_fpr": 0.25806929227124664,
        "val_actual_fpr_at_selected_roc_point": 0.20000814365405759,
        "val_roc_threshold_at_20_fpr": 0.3860577642917633
      },
      {
        "trial_index": 15,
        "model": "LSTM",
        "epoch": 6,
        "train_loss": 0.5876465031545456,
        "val_threshold": 0.2,
        "val_precision": 0.21725250024432355,
        "val_recall": 0.9874148652650281,
        "val_f1": 0.35614536327467894,
        "val_accuracy": 0.2299364481205889,
        "val_balanced_accuracy": 0.5045181333939457,
        "val_auc_roc": 0.5457068703176626,
        "val_tpr_at_20_fpr": 0.2522949363340243,
        "val_actual_fpr_at_selected_roc_point": 0.20000814365405759,
        "val_roc_threshold_at_20_fpr": 0.39120540022850037
      }
    ],
    "metrics": {
      "threshold": 0.25,
      "precision": 0.07158198429235454,
      "recall": 0.9973202322465387,
      "f1": 0.13357659867201052,
      "accuracy": 0.07488902372816403,
      "balanced_accuracy": 0.5005862356802618,
      "auc_roc": 0.5351267420894514,
      "tpr_at_20_fpr": 0.2585975882090219,
      "actual_fpr_at_selected_roc_point": 0.19986929903006123,
      "roc_threshold_at_20_fpr": 0.43429988622665405,
      "avg_batch_latency_ms": 2.033240004675463,
      "ms_per_event": 0.007942343768263527
    }
  },
  "gat": {
    "config": {
      "graph_window_days": 60,
      "edge_temporal_days": 15,
      "edge_radius_km": 100.0,
      "local_subgraph_radius_km": 150.0,
      "max_nodes": 64,
      "min_nodes": 8,
      "graph_stride": 6,
      "max_train_graphs": 8000,
      "max_val_graphs": 2000,
      "max_test_graphs": 2000,
      "tcn_hidden": 32,
      "gat_hidden": 32,
      "heads": 2,
      "dropout": 0.15,
      "batch_size": 32,
      "epochs": 6,
      "patience": 2,
      "lr": 0.0005,
      "weight_decay": 1e-05
    },
    "history": [
      {
        "trial_index": 15,
        "model": "GAT",
        "epoch": 1,
        "train_loss": 0.264534061729908,
        "val_threshold": 0.05,
        "val_precision": 0.17508754377188596,
        "val_recall": 0.9971509971509972,
        "val_f1": 0.2978723404255319,
        "val_accuracy": 0.175,
        "val_balanced_accuracy": 0.4985754985754986,
        "val_auc_roc": 0.49522545823334185,
        "val_tpr_at_20_fpr": 0.27635327635327633,
        "val_actual_fpr_at_selected_roc_point": 0.19951485748938752,
        "val_roc_threshold_at_20_fpr": 0.7733460068702698
      },
      {
        "trial_index": 15,
        "model": "GAT",
        "epoch": 2,
        "train_loss": 0.19941546094417573,
        "val_threshold": 0.1,
        "val_precision": 0.19228450874020495,
        "val_recall": 0.9088319088319088,
        "val_f1": 0.3174129353233831,
        "val_accuracy": 0.314,
        "val_balanced_accuracy": 0.548109101777992,
        "val_auc_roc": 0.5724318804973747,
        "val_tpr_at_20_fpr": 0.25925925925925924,
        "val_actual_fpr_at_selected_roc_point": 0.2031534263189812,
        "val_roc_threshold_at_20_fpr": 0.5666971802711487
      },
      {
        "trial_index": 15,
        "model": "GAT",
        "epoch": 3,
        "train_loss": 0.16741003859043121,
        "val_threshold": 0.05,
        "val_precision": 0.2813121272365805,
        "val_recall": 0.8062678062678063,
        "val_f1": 0.4170965364775239,
        "val_accuracy": 0.6045,
        "val_balanced_accuracy": 0.6839101311508831,
        "val_auc_roc": 0.6762934973971967,
        "val_tpr_at_20_fpr": 0.19943019943019943,
        "val_actual_fpr_at_selected_roc_point": 0.19951485748938752,
        "val_roc_threshold_at_20_fpr": 0.30529558658599854
      },
      {
        "trial_index": 15,
        "model": "GAT",
        "epoch": 4,
        "train_loss": 0.14928114700317383,
        "val_threshold": 0.05,
        "val_precision": 0.26593406593406593,
        "val_recall": 0.6894586894586895,
        "val_f1": 0.3838223632038065,
        "val_accuracy": 0.6115,
        "val_balanced_accuracy": 0.6421823465486292,
        "val_auc_roc": 0.6234098538525464,
        "val_tpr_at_20_fpr": 0.20512820512820512,
        "val_actual_fpr_at_selected_roc_point": 0.19951485748938752,
        "val_roc_threshold_at_20_fpr": 0.15225352346897125
      },
      {
        "trial_index": 15,
        "model": "GAT",
        "epoch": 5,
        "train_loss": 0.13063467215001584,
        "val_threshold": 0.05,
        "val_precision": 0.2723735408560311,
        "val_recall": 0.7977207977207977,
        "val_f1": 0.40609137055837563,
        "val_accuracy": 0.5905,
        "val_balanced_accuracy": 0.6720562751490586,
        "val_auc_roc": 0.6741709989132669,
        "val_tpr_at_20_fpr": 0.358974358974359,
        "val_actual_fpr_at_selected_roc_point": 0.20012128562765313,
        "val_roc_threshold_at_20_fpr": 0.2395002692937851
      }
    ],
    "metrics": {
      "threshold": 0.05,
      "precision": 0.14121037463976946,
      "recall": 0.8340425531914893,
      "f1": 0.24152803450400492,
      "accuracy": 0.3845,
      "balanced_accuracy": 0.5793442227713821,
      "auc_roc": 0.6176939304442167,
      "tpr_at_20_fpr": 0.3574468085106383,
      "actual_fpr_at_selected_roc_point": 0.201699716713881,
      "roc_threshold_at_20_fpr": 0.3164224922657013,
      "avg_batch_latency_ms": 21.71892000187654,
      "ms_per_event": 0.6787162500586419
    }
  },
  "proxy_ltss_improvement_pct": 80.81612865219215,
  "lstm_target_report": {
    "checks": {
      "precision": false,
      "recall": true,
      "f1": false,
      "auc_roc": false,
      "tpr_at_20_fpr": false,
      "ms_per_event": true
    },
    "proxy_ltss_improvement_pct": null,
    "meets_all_targets": false
  },
  "lstm_score": 3.9267466530928816,
  "gat_target_report": {
    "checks": {
      "precision": false,
      "recall": false,
      "f1": false,
      "auc_roc": false,
      "tpr_at_20_fpr": false,
      "ms_per_event": true,
      "ltss_proxy_min_pct": true
    },
    "proxy_ltss_improvement_pct": 80.81612865219215,
    "meets_all_targets": false
  },
  "gat_score": 5.661150994060689
}
