{
  "trial_index": 16,
  "config": {
    "trial_index": 16,
    "lstm": {
      "window_size": 40,
      "window_stride": 8,
      "hidden_dim": 96,
      "num_layers": 1,
      "dropout": 0.1,
      "batch_size": 256,
      "epochs": 6,
      "patience": 2,
      "lr": 0.0003,
      "weight_decay": 1e-05,
      "bidirectional": true
    },
    "gat": {
      "graph_window_days": 45,
      "edge_temporal_days": 45,
      "edge_radius_km": 100.0,
      "local_subgraph_radius_km": 150.0,
      "max_nodes": 64,
      "min_nodes": 8,
      "graph_stride": 6,
      "max_train_graphs": 8000,
      "max_val_graphs": 2000,
      "max_test_graphs": 2000,
      "tcn_hidden": 32,
      "gat_hidden": 32,
      "heads": 2,
      "dropout": 0.15,
      "batch_size": 32,
      "epochs": 6,
      "patience": 2,
      "lr": 0.0005,
      "weight_decay": 1e-05
    }
  }
}
{
  "trial_index": 16,
  "model": "LSTM",
  "epoch": 1,
  "train_loss": 0.5979468326991466,
  "val_threshold": 0.25,
  "val_precision": 0.21570694005301652,
  "val_recall": 1.0,
  "val_f1": 0.3548666754236175,
  "val_accuracy": 0.21573198773633112,
  "val_balanced_accuracy": 0.5000203599641665,
  "val_auc_roc": 0.5183778821648475,
  "val_tpr_at_20_fpr": 0.2146875925377554,
  "val_actual_fpr_at_selected_roc_point": 0.20001628797133317,
  "val_roc_threshold_at_20_fpr": 0.4532731771469116
}
{
  "trial_index": 16,
  "model": "LSTM",
  "epoch": 2,
  "train_loss": 0.5917234761558511,
  "val_threshold": 0.25,
  "val_precision": 0.2208132615471805,
  "val_recall": 0.9230085875037015,
  "val_f1": 0.35637111987652204,
  "val_accuracy": 0.28085079202861524,
  "val_balanced_accuracy": 0.5136258020179962,
  "val_auc_roc": 0.5406774147743476,
  "val_tpr_at_20_fpr": 0.24474385549304117,
  "val_actual_fpr_at_selected_roc_point": 0.20009772782799903,
  "val_roc_threshold_at_20_fpr": 0.3561111390590668
}
{
  "trial_index": 16,
  "model": "LSTM",
  "epoch": 3,
  "train_loss": 0.5903556500739474,
  "val_threshold": 0.25,
  "val_precision": 0.21805697013503303,
  "val_recall": 0.9826769321883329,
  "val_f1": 0.3569143072248662,
  "val_accuracy": 0.2361714358712315,
  "val_balanced_accuracy": 0.5067713189323454,
  "val_auc_roc": 0.5452905654470295,
  "val_tpr_at_20_fpr": 0.24415161385845424,
  "val_actual_fpr_at_selected_roc_point": 0.20001628797133317,
  "val_roc_threshold_at_20_fpr": 0.3888765573501587
}
{
  "trial_index": 16,
  "model": "LSTM",
  "epoch": 4,
  "train_loss": 0.5893758675049945,
  "val_threshold": 0.2,
  "val_precision": 0.2172479555225135,
  "val_recall": 0.995114006514658,
  "val_f1": 0.3566368629115704,
  "val_accuracy": 0.22556847215125192,
  "val_balanced_accuracy": 0.5045201110022594,
  "val_auc_roc": 0.5473003989781263,
  "val_tpr_at_20_fpr": 0.2485934261178561,
  "val_actual_fpr_at_selected_roc_point": 0.20009772782799903,
  "val_roc_threshold_at_20_fpr": 0.39594221115112305
}
{
  "trial_index": 16,
  "model": "LSTM",
  "epoch": 5,
  "train_loss": 0.5883128236933587,
  "val_threshold": 0.2,
  "val_precision": 0.21636673856356436,
  "val_recall": 0.995114006514658,
  "val_f1": 0.3554486077689928,
  "val_accuracy": 0.2215444557996934,
  "val_balanced_accuracy": 0.501954755517285,
  "val_auc_roc": 0.5414637814625957,
  "val_tpr_at_20_fpr": 0.24740894284868226,
  "val_actual_fpr_at_selected_roc_point": 0.19993484811466733,
  "val_roc_threshold_at_20_fpr": 0.42733749747276306
}
Early stopping for LSTM on trial 16 at epoch 5
{
  "trial_index": 16,
  "model": "LSTM",
  "test_metrics": {
    "threshold": 0.25,
    "precision": 0.07151324853417064,
    "recall": 0.9973190348525469,
    "f1": 0.1334569045412419,
    "accuracy": 0.07431655595298926,
    "balanced_accuracy": 0.5002932795505082,
    "auc_roc": 0.5289917201817703,
    "tpr_at_20_fpr": 0.23905272564789992,
    "actual_fpr_at_selected_roc_point": 0.20007566898259613,
    "roc_threshold_at_20_fpr": 0.4077509343624115,
    "avg_batch_latency_ms": 2.184403334589054,
    "ms_per_event": 0.008532825525738492
  }
}
Saved train graphs
Saved val graphs
Saved test graphs
{
  "trial_index": 16,
  "model": "GAT",
  "epoch": 1,
  "train_loss": 0.2569932623803616,
  "val_threshold": 0.2,
  "val_precision": 0.17567567567567569,
  "val_recall": 1.0,
  "val_f1": 0.2988505747126437,
  "val_accuracy": 0.1765,
  "val_balanced_accuracy": 0.5006064281382656,
  "val_auc_roc": 0.524496414126493,
  "val_tpr_at_20_fpr": 0.396011396011396,
  "val_actual_fpr_at_selected_roc_point": 0.19951485748938752,
  "val_roc_threshold_at_20_fpr": 0.977158784866333
}
{
  "trial_index": 16,
  "model": "GAT",
  "epoch": 2,
  "train_loss": 0.18534257557988168,
  "val_threshold": 0.05,
  "val_precision": 0.17959396147839668,
  "val_recall": 0.9829059829059829,
  "val_f1": 0.30369718309859156,
  "val_accuracy": 0.209,
  "val_balanced_accuracy": 0.5135876184996864,
  "val_auc_roc": 0.36691407552535504,
  "val_tpr_at_20_fpr": 0.18518518518518517,
  "val_actual_fpr_at_selected_roc_point": 0.20012128562765313,
  "val_roc_threshold_at_20_fpr": 0.9982860684394836
}
{
  "trial_index": 16,
  "model": "GAT",
  "epoch": 3,
  "train_loss": 0.1576537252664566,
  "val_threshold": 0.1,
  "val_precision": 0.18356456776947705,
  "val_recall": 0.98005698005698,
  "val_f1": 0.3092134831460674,
  "val_accuracy": 0.2315,
  "val_balanced_accuracy": 0.5261109642552941,
  "val_auc_roc": 0.3358281545061411,
  "val_tpr_at_20_fpr": 0.16524216524216523,
  "val_actual_fpr_at_selected_roc_point": 0.18981200727713765,
  "val_roc_threshold_at_20_fpr": 0.9994288086891174
}
{
  "trial_index": 16,
  "model": "GAT",
  "epoch": 4,
  "train_loss": 0.1388704356700182,
  "val_threshold": 0.05,
  "val_precision": 0.1822529224229543,
  "val_recall": 0.9772079772079773,
  "val_f1": 0.3072100313479624,
  "val_accuracy": 0.2265,
  "val_balanced_accuracy": 0.5219575362085975,
  "val_auc_roc": 0.35757145399352797,
  "val_tpr_at_20_fpr": 0.1908831908831909,
  "val_actual_fpr_at_selected_roc_point": 0.20072771376591875,
  "val_roc_threshold_at_20_fpr": 0.9999850988388062
}
{
  "trial_index": 16,
  "model": "GAT",
  "epoch": 5,
  "train_loss": 0.1265664781332016,
  "val_threshold": 0.05,
  "val_precision": 0.1833946400420389,
  "val_recall": 0.9943019943019943,
  "val_f1": 0.30967169476486245,
  "val_accuracy": 0.222,
  "val_balanced_accuracy": 0.5259563337186138,
  "val_auc_roc": 0.37129469815946475,
  "val_tpr_at_20_fpr": 0.19658119658119658,
  "val_actual_fpr_at_selected_roc_point": 0.20072771376591875,
  "val_roc_threshold_at_20_fpr": 0.9999532699584961
}
{
  "trial_index": 16,
  "model": "GAT",
  "epoch": 6,
  "train_loss": 0.1212451394200325,
  "val_threshold": 0.2,
  "val_precision": 0.18147951037786056,
  "val_recall": 0.9715099715099715,
  "val_f1": 0.305829596412556,
  "val_accuracy": 0.226,
  "val_balanced_accuracy": 0.5194117474287274,
  "val_auc_roc": 0.3660277574771207,
  "val_tpr_at_20_fpr": 0.1737891737891738,
  "val_actual_fpr_at_selected_roc_point": 0.19708914493632504,
  "val_roc_threshold_at_20_fpr": 0.9999991655349731
}
{
  "trial_index": 16,
  "model": "GAT",
  "test_metrics": {
    "threshold": 0.05,
    "precision": 0.11230219499744767,
    "recall": 0.9361702127659575,
    "f1": 0.20054694621695535,
    "accuracy": 0.123,
    "balanced_accuracy": 0.47545054547646315,
    "auc_roc": 0.2781893797842203,
    "tpr_at_20_fpr": 0.1574468085106383,
    "actual_fpr_at_selected_roc_point": 0.20056657223796034,
    "roc_threshold_at_20_fpr": 0.999862551689148,
    "avg_batch_latency_ms": 16.139079997083172,
    "ms_per_event": 0.5043462499088491
  }
}
{
  "trial_index": 16,
  "config": {
    "trial_index": 16,
    "lstm": {
      "window_size": 40,
      "window_stride": 8,
      "hidden_dim": 96,
      "num_layers": 1,
      "dropout": 0.1,
      "batch_size": 256,
      "epochs": 6,
      "patience": 2,
      "lr": 0.0003,
      "weight_decay": 1e-05,
      "bidirectional": true
    },
    "gat": {
      "graph_window_days": 45,
      "edge_temporal_days": 45,
      "edge_radius_km": 100.0,
      "local_subgraph_radius_km": 150.0,
      "max_nodes": 64,
      "min_nodes": 8,
      "graph_stride": 6,
      "max_train_graphs": 8000,
      "max_val_graphs": 2000,
      "max_test_graphs": 2000,
      "tcn_hidden": 32,
      "gat_hidden": 32,
      "heads": 2,
      "dropout": 0.15,
      "batch_size": 32,
      "epochs": 6,
      "patience": 2,
      "lr": 0.0005,
      "weight_decay": 1e-05
    }
  },
  "lstm": {
    "config": {
      "window_size": 40,
      "window_stride": 8,
      "hidden_dim": 96,
      "num_layers": 1,
      "dropout": 0.1,
      "batch_size": 256,
      "epochs": 6,
      "patience": 2,
      "lr": 0.0003,
      "weight_decay": 1e-05,
      "bidirectional": true
    },
    "history": [
      {
        "trial_index": 16,
        "model": "LSTM",
        "epoch": 1,
        "train_loss": 0.5979468326991466,
        "val_threshold": 0.25,
        "val_precision": 0.21570694005301652,
        "val_recall": 1.0,
        "val_f1": 0.3548666754236175,
        "val_accuracy": 0.21573198773633112,
        "val_balanced_accuracy": 0.5000203599641665,
        "val_auc_roc": 0.5183778821648475,
        "val_tpr_at_20_fpr": 0.2146875925377554,
        "val_actual_fpr_at_selected_roc_point": 0.20001628797133317,
        "val_roc_threshold_at_20_fpr": 0.4532731771469116
      },
      {
        "trial_index": 16,
        "model": "LSTM",
        "epoch": 2,
        "train_loss": 0.5917234761558511,
        "val_threshold": 0.25,
        "val_precision": 0.2208132615471805,
        "val_recall": 0.9230085875037015,
        "val_f1": 0.35637111987652204,
        "val_accuracy": 0.28085079202861524,
        "val_balanced_accuracy": 0.5136258020179962,
        "val_auc_roc": 0.5406774147743476,
        "val_tpr_at_20_fpr": 0.24474385549304117,
        "val_actual_fpr_at_selected_roc_point": 0.20009772782799903,
        "val_roc_threshold_at_20_fpr": 0.3561111390590668
      },
      {
        "trial_index": 16,
        "model": "LSTM",
        "epoch": 3,
        "train_loss": 0.5903556500739474,
        "val_threshold": 0.25,
        "val_precision": 0.21805697013503303,
        "val_recall": 0.9826769321883329,
        "val_f1": 0.3569143072248662,
        "val_accuracy": 0.2361714358712315,
        "val_balanced_accuracy": 0.5067713189323454,
        "val_auc_roc": 0.5452905654470295,
        "val_tpr_at_20_fpr": 0.24415161385845424,
        "val_actual_fpr_at_selected_roc_point": 0.20001628797133317,
        "val_roc_threshold_at_20_fpr": 0.3888765573501587
      },
      {
        "trial_index": 16,
        "model": "LSTM",
        "epoch": 4,
        "train_loss": 0.5893758675049945,
        "val_threshold": 0.2,
        "val_precision": 0.2172479555225135,
        "val_recall": 0.995114006514658,
        "val_f1": 0.3566368629115704,
        "val_accuracy": 0.22556847215125192,
        "val_balanced_accuracy": 0.5045201110022594,
        "val_auc_roc": 0.5473003989781263,
        "val_tpr_at_20_fpr": 0.2485934261178561,
        "val_actual_fpr_at_selected_roc_point": 0.20009772782799903,
        "val_roc_threshold_at_20_fpr": 0.39594221115112305
      },
      {
        "trial_index": 16,
        "model": "LSTM",
        "epoch": 5,
        "train_loss": 0.5883128236933587,
        "val_threshold": 0.2,
        "val_precision": 0.21636673856356436,
        "val_recall": 0.995114006514658,
        "val_f1": 0.3554486077689928,
        "val_accuracy": 0.2215444557996934,
        "val_balanced_accuracy": 0.501954755517285,
        "val_auc_roc": 0.5414637814625957,
        "val_tpr_at_20_fpr": 0.24740894284868226,
        "val_actual_fpr_at_selected_roc_point": 0.19993484811466733,
        "val_roc_threshold_at_20_fpr": 0.42733749747276306
      }
    ],
    "metrics": {
      "threshold": 0.25,
      "precision": 0.07151324853417064,
      "recall": 0.9973190348525469,
      "f1": 0.1334569045412419,
      "accuracy": 0.07431655595298926,
      "balanced_accuracy": 0.5002932795505082,
      "auc_roc": 0.5289917201817703,
      "tpr_at_20_fpr": 0.23905272564789992,
      "actual_fpr_at_selected_roc_point": 0.20007566898259613,
      "roc_threshold_at_20_fpr": 0.4077509343624115,
      "avg_batch_latency_ms": 2.184403334589054,
      "ms_per_event": 0.008532825525738492
    }
  },
  "gat": {
    "config": {
      "graph_window_days": 45,
      "edge_temporal_days": 45,
      "edge_radius_km": 100.0,
      "local_subgraph_radius_km": 150.0,
      "max_nodes": 64,
      "min_nodes": 8,
      "graph_stride": 6,
      "max_train_graphs": 8000,
      "max_val_graphs": 2000,
      "max_test_graphs": 2000,
      "tcn_hidden": 32,
      "gat_hidden": 32,
      "heads": 2,
      "dropout": 0.15,
      "batch_size": 32,
      "epochs": 6,
      "patience": 2,
      "lr": 0.0005,
      "weight_decay": 1e-05
    },
    "history": [
      {
        "trial_index": 16,
        "model": "GAT",
        "epoch": 1,
        "train_loss": 0.2569932623803616,
        "val_threshold": 0.2,
        "val_precision": 0.17567567567567569,
        "val_recall": 1.0,
        "val_f1": 0.2988505747126437,
        "val_accuracy": 0.1765,
        "val_balanced_accuracy": 0.5006064281382656,
        "val_auc_roc": 0.524496414126493,
        "val_tpr_at_20_fpr": 0.396011396011396,
        "val_actual_fpr_at_selected_roc_point": 0.19951485748938752,
        "val_roc_threshold_at_20_fpr": 0.977158784866333
      },
      {
        "trial_index": 16,
        "model": "GAT",
        "epoch": 2,
        "train_loss": 0.18534257557988168,
        "val_threshold": 0.05,
        "val_precision": 0.17959396147839668,
        "val_recall": 0.9829059829059829,
        "val_f1": 0.30369718309859156,
        "val_accuracy": 0.209,
        "val_balanced_accuracy": 0.5135876184996864,
        "val_auc_roc": 0.36691407552535504,
        "val_tpr_at_20_fpr": 0.18518518518518517,
        "val_actual_fpr_at_selected_roc_point": 0.20012128562765313,
        "val_roc_threshold_at_20_fpr": 0.9982860684394836
      },
      {
        "trial_index": 16,
        "model": "GAT",
        "epoch": 3,
        "train_loss": 0.1576537252664566,
        "val_threshold": 0.1,
        "val_precision": 0.18356456776947705,
        "val_recall": 0.98005698005698,
        "val_f1": 0.3092134831460674,
        "val_accuracy": 0.2315,
        "val_balanced_accuracy": 0.5261109642552941,
        "val_auc_roc": 0.3358281545061411,
        "val_tpr_at_20_fpr": 0.16524216524216523,
        "val_actual_fpr_at_selected_roc_point": 0.18981200727713765,
        "val_roc_threshold_at_20_fpr": 0.9994288086891174
      },
      {
        "trial_index": 16,
        "model": "GAT",
        "epoch": 4,
        "train_loss": 0.1388704356700182,
        "val_threshold": 0.05,
        "val_precision": 0.1822529224229543,
        "val_recall": 0.9772079772079773,
        "val_f1": 0.3072100313479624,
        "val_accuracy": 0.2265,
        "val_balanced_accuracy": 0.5219575362085975,
        "val_auc_roc": 0.35757145399352797,
        "val_tpr_at_20_fpr": 0.1908831908831909,
        "val_actual_fpr_at_selected_roc_point": 0.20072771376591875,
        "val_roc_threshold_at_20_fpr": 0.9999850988388062
      },
      {
        "trial_index": 16,
        "model": "GAT",
        "epoch": 5,
        "train_loss": 0.1265664781332016,
        "val_threshold": 0.05,
        "val_precision": 0.1833946400420389,
        "val_recall": 0.9943019943019943,
        "val_f1": 0.30967169476486245,
        "val_accuracy": 0.222,
        "val_balanced_accuracy": 0.5259563337186138,
        "val_auc_roc": 0.37129469815946475,
        "val_tpr_at_20_fpr": 0.19658119658119658,
        "val_actual_fpr_at_selected_roc_point": 0.20072771376591875,
        "val_roc_threshold_at_20_fpr": 0.9999532699584961
      },
      {
        "trial_index": 16,
        "model": "GAT",
        "epoch": 6,
        "train_loss": 0.1212451394200325,
        "val_threshold": 0.2,
        "val_precision": 0.18147951037786056,
        "val_recall": 0.9715099715099715,
        "val_f1": 0.305829596412556,
        "val_accuracy": 0.226,
        "val_balanced_accuracy": 0.5194117474287274,
        "val_auc_roc": 0.3660277574771207,
        "val_tpr_at_20_fpr": 0.1737891737891738,
        "val_actual_fpr_at_selected_roc_point": 0.19708914493632504,
        "val_roc_threshold_at_20_fpr": 0.9999991655349731
      }
    ],
    "metrics": {
      "threshold": 0.05,
      "precision": 0.11230219499744767,
      "recall": 0.9361702127659575,
      "f1": 0.20054694621695535,
      "accuracy": 0.123,
      "balanced_accuracy": 0.47545054547646315,
      "auc_roc": 0.2781893797842203,
      "tpr_at_20_fpr": 0.1574468085106383,
      "actual_fpr_at_selected_roc_point": 0.20056657223796034,
      "roc_threshold_at_20_fpr": 0.999862551689148,
      "avg_batch_latency_ms": 16.139079997083172,
      "ms_per_event": 0.5043462499088491
    }
  },
  "proxy_ltss_improvement_pct": 50.270940950065835,
  "lstm_target_report": {
    "checks": {
      "precision": false,
      "recall": true,
      "f1": false,
      "auc_roc": false,
      "tpr_at_20_fpr": false,
      "ms_per_event": true
    },
    "proxy_ltss_improvement_pct": null,
    "meets_all_targets": false
  },
  "lstm_score": 3.896711580393635,
  "gat_target_report": {
    "checks": {
      "precision": false,
      "recall": true,
      "f1": false,
      "auc_roc": false,
      "tpr_at_20_fpr": false,
      "ms_per_event": true,
      "ltss_proxy_min_pct": true
    },
    "proxy_ltss_improvement_pct": 50.270940950065835,
    "meets_all_targets": false
  },
  "gat_score": 5.030089484085526
}
