{
  "trial_index": 5,
  "config": {
    "trial_index": 5,
    "lstm": {
      "window_size": 16,
      "window_stride": 8,
      "hidden_dim": 64,
      "num_layers": 1,
      "dropout": 0.1,
      "batch_size": 256,
      "epochs": 6,
      "patience": 2,
      "lr": 0.0003,
      "weight_decay": 1e-05,
      "bidirectional": true
    },
    "gat": {
      "graph_window_days": 30,
      "edge_temporal_days": 60,
      "edge_radius_km": 75.0,
      "local_subgraph_radius_km": 100.0,
      "max_nodes": 64,
      "min_nodes": 8,
      "graph_stride": 6,
      "max_train_graphs": 8000,
      "max_val_graphs": 2000,
      "max_test_graphs": 2000,
      "tcn_hidden": 32,
      "gat_hidden": 32,
      "heads": 2,
      "dropout": 0.15,
      "batch_size": 32,
      "epochs": 6,
      "patience": 2,
      "lr": 0.0005,
      "weight_decay": 1e-05
    }
  }
}
{
  "trial_index": 5,
  "model": "LSTM",
  "epoch": 1,
  "train_loss": 0.6011112958042417,
  "val_threshold": 0.05,
  "val_precision": 0.2156793868752994,
  "val_recall": 1.0,
  "val_f1": 0.3548293887414957,
  "val_accuracy": 0.2156793868752994,
  "val_balanced_accuracy": 0.5,
  "val_auc_roc": 0.5122054047878496,
  "val_tpr_at_20_fpr": 0.21335504885993486,
  "val_actual_fpr_at_selected_roc_point": 0.19999185700907943,
  "val_roc_threshold_at_20_fpr": 0.4733932614326477
}
{
  "trial_index": 5,
  "model": "LSTM",
  "epoch": 2,
  "train_loss": 0.5955854347909021,
  "val_threshold": 0.05,
  "val_precision": 0.2156793868752994,
  "val_recall": 1.0,
  "val_f1": 0.3548293887414957,
  "val_accuracy": 0.2156793868752994,
  "val_balanced_accuracy": 0.5,
  "val_auc_roc": 0.522838171848142,
  "val_tpr_at_20_fpr": 0.21957358602309743,
  "val_actual_fpr_at_selected_roc_point": 0.20003257196368227,
  "val_roc_threshold_at_20_fpr": 0.47434160113334656
}
{
  "trial_index": 5,
  "model": "LSTM",
  "epoch": 3,
  "train_loss": 0.5943423134006866,
  "val_threshold": 0.3,
  "val_precision": 0.21659343499612302,
  "val_recall": 0.9925969795676636,
  "val_f1": 0.35559327427995546,
  "val_accuracy": 0.22407791793070414,
  "val_balanced_accuracy": 0.502670380179174,
  "val_auc_roc": 0.529249610727297,
  "val_tpr_at_20_fpr": 0.2251998815516731,
  "val_actual_fpr_at_selected_roc_point": 0.19970685232685967,
  "val_roc_threshold_at_20_fpr": 0.4600144922733307
}
{
  "trial_index": 5,
  "model": "LSTM",
  "epoch": 4,
  "train_loss": 0.5935671632033763,
  "val_threshold": 0.25,
  "val_precision": 0.21619191367738205,
  "val_recall": 0.996742671009772,
  "val_f1": 0.3553162853297443,
  "val_accuracy": 0.21989461919208048,
  "val_balanced_accuracy": 0.5015063870093036,
  "val_auc_roc": 0.5258967727967003,
  "val_tpr_at_20_fpr": 0.2204619484749778,
  "val_actual_fpr_at_selected_roc_point": 0.19991042709987378,
  "val_roc_threshold_at_20_fpr": 0.46139851212501526
}
{
  "trial_index": 5,
  "model": "LSTM",
  "epoch": 5,
  "train_loss": 0.5926609511158839,
  "val_threshold": 0.25,
  "val_precision": 0.21746445419456997,
  "val_recall": 0.97601421379923,
  "val_f1": 0.35568025467396874,
  "val_accuracy": 0.23733035286603865,
  "val_balanced_accuracy": 0.5051073878328017,
  "val_auc_roc": 0.5348317853271285,
  "val_tpr_at_20_fpr": 0.2321587207580693,
  "val_actual_fpr_at_selected_roc_point": 0.20007328691828508,
  "val_roc_threshold_at_20_fpr": 0.42216917872428894
}
{
  "trial_index": 5,
  "model": "LSTM",
  "epoch": 6,
  "train_loss": 0.5920048751844806,
  "val_threshold": 0.25,
  "val_precision": 0.21753727658734076,
  "val_recall": 0.9785312407462244,
  "val_f1": 0.3559445267268076,
  "val_accuracy": 0.23624461120868592,
  "val_balanced_accuracy": 0.505327669963927,
  "val_auc_roc": 0.5358895543016988,
  "val_tpr_at_20_fpr": 0.23719277465205804,
  "val_actual_fpr_at_selected_roc_point": 0.20011400187288791,
  "val_roc_threshold_at_20_fpr": 0.4391941428184509
}
{
  "trial_index": 5,
  "model": "LSTM",
  "test_metrics": {
    "threshold": 0.25,
    "precision": 0.07177541241920442,
    "recall": 0.9968736042876284,
    "f1": 0.13390928725701945,
    "accuracy": 0.0780137314386077,
    "balanced_accuracy": 0.5020652242101232,
    "auc_roc": 0.5316558471980624,
    "tpr_at_20_fpr": 0.24609200535953552,
    "actual_fpr_at_selected_roc_point": 0.19982115834365113,
    "roc_threshold_at_20_fpr": 0.45065221190452576,
    "avg_batch_latency_ms": 0.7847066619433463,
    "ms_per_event": 0.0030652603982161963
  }
}
Saved train graphs
Saved val graphs
Saved test graphs
{
  "trial_index": 5,
  "model": "GAT",
  "epoch": 1,
  "train_loss": 0.26368486720323564,
  "val_threshold": 0.05,
  "val_precision": 0.18351063829787234,
  "val_recall": 0.9942363112391931,
  "val_f1": 0.30983385720700496,
  "val_accuracy": 0.2315,
  "val_balanced_accuracy": 0.5328108355953981,
  "val_auc_roc": 0.3729469255968103,
  "val_tpr_at_20_fpr": 0.07492795389048991,
  "val_actual_fpr_at_selected_roc_point": 0.19903206291591047,
  "val_roc_threshold_at_20_fpr": 0.8281630873680115
}
{
  "trial_index": 5,
  "model": "GAT",
  "epoch": 2,
  "train_loss": 0.202518146276474,
  "val_threshold": 0.15,
  "val_precision": 0.1873972602739726,
  "val_recall": 0.9855907780979827,
  "val_f1": 0.3149171270718232,
  "val_accuracy": 0.256,
  "val_balanced_accuracy": 0.5442170466412478,
  "val_auc_roc": 0.42200452935977023,
  "val_tpr_at_20_fpr": 0.06628242074927954,
  "val_actual_fpr_at_selected_roc_point": 0.19600725952813067,
  "val_roc_threshold_at_20_fpr": 0.9930011034011841
}
{
  "trial_index": 5,
  "model": "GAT",
  "epoch": 3,
  "train_loss": 0.16830819588899612,
  "val_threshold": 0.05,
  "val_precision": 0.18867924528301888,
  "val_recall": 0.9798270893371758,
  "val_f1": 0.31642624476500697,
  "val_accuracy": 0.2655,
  "val_balanced_accuracy": 0.547687289375182,
  "val_auc_roc": 0.3974173234935695,
  "val_tpr_at_20_fpr": 0.025936599423631124,
  "val_actual_fpr_at_selected_roc_point": 0.2014519056261343,
  "val_roc_threshold_at_20_fpr": 0.9890374541282654
}
{
  "trial_index": 5,
  "model": "GAT",
  "epoch": 4,
  "train_loss": 0.14472135703265668,
  "val_threshold": 0.1,
  "val_precision": 0.18536585365853658,
  "val_recall": 0.8760806916426513,
  "val_f1": 0.30598892803220934,
  "val_accuracy": 0.3105,
  "val_balanced_accuracy": 0.5339266132139452,
  "val_auc_roc": 0.38748341588344304,
  "val_tpr_at_20_fpr": 0.02881844380403458,
  "val_actual_fpr_at_selected_roc_point": 0.2075015124016939,
  "val_roc_threshold_at_20_fpr": 0.9391262531280518
}
{
  "trial_index": 5,
  "model": "GAT",
  "epoch": 5,
  "train_loss": 0.12133094680309296,
  "val_threshold": 0.1,
  "val_precision": 0.18604651162790697,
  "val_recall": 0.968299711815562,
  "val_f1": 0.31212261960055737,
  "val_accuracy": 0.2595,
  "val_balanced_accuracy": 0.5395037579041512,
  "val_auc_roc": 0.4090371013492192,
  "val_tpr_at_20_fpr": 0.06340057636887608,
  "val_actual_fpr_at_selected_roc_point": 0.19600725952813067,
  "val_roc_threshold_at_20_fpr": 0.999789297580719
}
Early stopping for GAT on trial 5 at epoch 5
{
  "trial_index": 5,
  "model": "GAT",
  "test_metrics": {
    "threshold": 0.05,
    "precision": 0.1089845826687932,
    "recall": 0.9151785714285714,
    "f1": 0.19477434679334918,
    "accuracy": 0.1525,
    "balanced_accuracy": 0.48574243886743884,
    "auc_roc": 0.458328305984556,
    "tpr_at_20_fpr": 0.08928571428571429,
    "actual_fpr_at_selected_roc_point": 0.19425675675675674,
    "roc_threshold_at_20_fpr": 0.9641189575195312,
    "avg_batch_latency_ms": 13.63559500023257,
    "ms_per_event": 0.4261123437572678
  }
}
{
  "trial_index": 5,
  "config": {
    "trial_index": 5,
    "lstm": {
      "window_size": 16,
      "window_stride": 8,
      "hidden_dim": 64,
      "num_layers": 1,
      "dropout": 0.1,
      "batch_size": 256,
      "epochs": 6,
      "patience": 2,
      "lr": 0.0003,
      "weight_decay": 1e-05,
      "bidirectional": true
    },
    "gat": {
      "graph_window_days": 30,
      "edge_temporal_days": 60,
      "edge_radius_km": 75.0,
      "local_subgraph_radius_km": 100.0,
      "max_nodes": 64,
      "min_nodes": 8,
      "graph_stride": 6,
      "max_train_graphs": 8000,
      "max_val_graphs": 2000,
      "max_test_graphs": 2000,
      "tcn_hidden": 32,
      "gat_hidden": 32,
      "heads": 2,
      "dropout": 0.15,
      "batch_size": 32,
      "epochs": 6,
      "patience": 2,
      "lr": 0.0005,
      "weight_decay": 1e-05
    }
  },
  "lstm": {
    "config": {
      "window_size": 16,
      "window_stride": 8,
      "hidden_dim": 64,
      "num_layers": 1,
      "dropout": 0.1,
      "batch_size": 256,
      "epochs": 6,
      "patience": 2,
      "lr": 0.0003,
      "weight_decay": 1e-05,
      "bidirectional": true
    },
    "history": [
      {
        "trial_index": 5,
        "model": "LSTM",
        "epoch": 1,
        "train_loss": 0.6011112958042417,
        "val_threshold": 0.05,
        "val_precision": 0.2156793868752994,
        "val_recall": 1.0,
        "val_f1": 0.3548293887414957,
        "val_accuracy": 0.2156793868752994,
        "val_balanced_accuracy": 0.5,
        "val_auc_roc": 0.5122054047878496,
        "val_tpr_at_20_fpr": 0.21335504885993486,
        "val_actual_fpr_at_selected_roc_point": 0.19999185700907943,
        "val_roc_threshold_at_20_fpr": 0.4733932614326477
      },
      {
        "trial_index": 5,
        "model": "LSTM",
        "epoch": 2,
        "train_loss": 0.5955854347909021,
        "val_threshold": 0.05,
        "val_precision": 0.2156793868752994,
        "val_recall": 1.0,
        "val_f1": 0.3548293887414957,
        "val_accuracy": 0.2156793868752994,
        "val_balanced_accuracy": 0.5,
        "val_auc_roc": 0.522838171848142,
        "val_tpr_at_20_fpr": 0.21957358602309743,
        "val_actual_fpr_at_selected_roc_point": 0.20003257196368227,
        "val_roc_threshold_at_20_fpr": 0.47434160113334656
      },
      {
        "trial_index": 5,
        "model": "LSTM",
        "epoch": 3,
        "train_loss": 0.5943423134006866,
        "val_threshold": 0.3,
        "val_precision": 0.21659343499612302,
        "val_recall": 0.9925969795676636,
        "val_f1": 0.35559327427995546,
        "val_accuracy": 0.22407791793070414,
        "val_balanced_accuracy": 0.502670380179174,
        "val_auc_roc": 0.529249610727297,
        "val_tpr_at_20_fpr": 0.2251998815516731,
        "val_actual_fpr_at_selected_roc_point": 0.19970685232685967,
        "val_roc_threshold_at_20_fpr": 0.4600144922733307
      },
      {
        "trial_index": 5,
        "model": "LSTM",
        "epoch": 4,
        "train_loss": 0.5935671632033763,
        "val_threshold": 0.25,
        "val_precision": 0.21619191367738205,
        "val_recall": 0.996742671009772,
        "val_f1": 0.3553162853297443,
        "val_accuracy": 0.21989461919208048,
        "val_balanced_accuracy": 0.5015063870093036,
        "val_auc_roc": 0.5258967727967003,
        "val_tpr_at_20_fpr": 0.2204619484749778,
        "val_actual_fpr_at_selected_roc_point": 0.19991042709987378,
        "val_roc_threshold_at_20_fpr": 0.46139851212501526
      },
      {
        "trial_index": 5,
        "model": "LSTM",
        "epoch": 5,
        "train_loss": 0.5926609511158839,
        "val_threshold": 0.25,
        "val_precision": 0.21746445419456997,
        "val_recall": 0.97601421379923,
        "val_f1": 0.35568025467396874,
        "val_accuracy": 0.23733035286603865,
        "val_balanced_accuracy": 0.5051073878328017,
        "val_auc_roc": 0.5348317853271285,
        "val_tpr_at_20_fpr": 0.2321587207580693,
        "val_actual_fpr_at_selected_roc_point": 0.20007328691828508,
        "val_roc_threshold_at_20_fpr": 0.42216917872428894
      },
      {
        "trial_index": 5,
        "model": "LSTM",
        "epoch": 6,
        "train_loss": 0.5920048751844806,
        "val_threshold": 0.25,
        "val_precision": 0.21753727658734076,
        "val_recall": 0.9785312407462244,
        "val_f1": 0.3559445267268076,
        "val_accuracy": 0.23624461120868592,
        "val_balanced_accuracy": 0.505327669963927,
        "val_auc_roc": 0.5358895543016988,
        "val_tpr_at_20_fpr": 0.23719277465205804,
        "val_actual_fpr_at_selected_roc_point": 0.20011400187288791,
        "val_roc_threshold_at_20_fpr": 0.4391941428184509
      }
    ],
    "metrics": {
      "threshold": 0.25,
      "precision": 0.07177541241920442,
      "recall": 0.9968736042876284,
      "f1": 0.13390928725701945,
      "accuracy": 0.0780137314386077,
      "balanced_accuracy": 0.5020652242101232,
      "auc_roc": 0.5316558471980624,
      "tpr_at_20_fpr": 0.24609200535953552,
      "actual_fpr_at_selected_roc_point": 0.19982115834365113,
      "roc_threshold_at_20_fpr": 0.45065221190452576,
      "avg_batch_latency_ms": 0.7847066619433463,
      "ms_per_event": 0.0030652603982161963
    }
  },
  "gat": {
    "config": {
      "graph_window_days": 30,
      "edge_temporal_days": 60,
      "edge_radius_km": 75.0,
      "local_subgraph_radius_km": 100.0,
      "max_nodes": 64,
      "min_nodes": 8,
      "graph_stride": 6,
      "max_train_graphs": 8000,
      "max_val_graphs": 2000,
      "max_test_graphs": 2000,
      "tcn_hidden": 32,
      "gat_hidden": 32,
      "heads": 2,
      "dropout": 0.15,
      "batch_size": 32,
      "epochs": 6,
      "patience": 2,
      "lr": 0.0005,
      "weight_decay": 1e-05
    },
    "history": [
      {
        "trial_index": 5,
        "model": "GAT",
        "epoch": 1,
        "train_loss": 0.26368486720323564,
        "val_threshold": 0.05,
        "val_precision": 0.18351063829787234,
        "val_recall": 0.9942363112391931,
        "val_f1": 0.30983385720700496,
        "val_accuracy": 0.2315,
        "val_balanced_accuracy": 0.5328108355953981,
        "val_auc_roc": 0.3729469255968103,
        "val_tpr_at_20_fpr": 0.07492795389048991,
        "val_actual_fpr_at_selected_roc_point": 0.19903206291591047,
        "val_roc_threshold_at_20_fpr": 0.8281630873680115
      },
      {
        "trial_index": 5,
        "model": "GAT",
        "epoch": 2,
        "train_loss": 0.202518146276474,
        "val_threshold": 0.15,
        "val_precision": 0.1873972602739726,
        "val_recall": 0.9855907780979827,
        "val_f1": 0.3149171270718232,
        "val_accuracy": 0.256,
        "val_balanced_accuracy": 0.5442170466412478,
        "val_auc_roc": 0.42200452935977023,
        "val_tpr_at_20_fpr": 0.06628242074927954,
        "val_actual_fpr_at_selected_roc_point": 0.19600725952813067,
        "val_roc_threshold_at_20_fpr": 0.9930011034011841
      },
      {
        "trial_index": 5,
        "model": "GAT",
        "epoch": 3,
        "train_loss": 0.16830819588899612,
        "val_threshold": 0.05,
        "val_precision": 0.18867924528301888,
        "val_recall": 0.9798270893371758,
        "val_f1": 0.31642624476500697,
        "val_accuracy": 0.2655,
        "val_balanced_accuracy": 0.547687289375182,
        "val_auc_roc": 0.3974173234935695,
        "val_tpr_at_20_fpr": 0.025936599423631124,
        "val_actual_fpr_at_selected_roc_point": 0.2014519056261343,
        "val_roc_threshold_at_20_fpr": 0.9890374541282654
      },
      {
        "trial_index": 5,
        "model": "GAT",
        "epoch": 4,
        "train_loss": 0.14472135703265668,
        "val_threshold": 0.1,
        "val_precision": 0.18536585365853658,
        "val_recall": 0.8760806916426513,
        "val_f1": 0.30598892803220934,
        "val_accuracy": 0.3105,
        "val_balanced_accuracy": 0.5339266132139452,
        "val_auc_roc": 0.38748341588344304,
        "val_tpr_at_20_fpr": 0.02881844380403458,
        "val_actual_fpr_at_selected_roc_point": 0.2075015124016939,
        "val_roc_threshold_at_20_fpr": 0.9391262531280518
      },
      {
        "trial_index": 5,
        "model": "GAT",
        "epoch": 5,
        "train_loss": 0.12133094680309296,
        "val_threshold": 0.1,
        "val_precision": 0.18604651162790697,
        "val_recall": 0.968299711815562,
        "val_f1": 0.31212261960055737,
        "val_accuracy": 0.2595,
        "val_balanced_accuracy": 0.5395037579041512,
        "val_auc_roc": 0.4090371013492192,
        "val_tpr_at_20_fpr": 0.06340057636887608,
        "val_actual_fpr_at_selected_roc_point": 0.19600725952813067,
        "val_roc_threshold_at_20_fpr": 0.999789297580719
      }
    ],
    "metrics": {
      "threshold": 0.05,
      "precision": 0.1089845826687932,
      "recall": 0.9151785714285714,
      "f1": 0.19477434679334918,
      "accuracy": 0.1525,
      "balanced_accuracy": 0.48574243886743884,
      "auc_roc": 0.458328305984556,
      "tpr_at_20_fpr": 0.08928571428571429,
      "actual_fpr_at_selected_roc_point": 0.19425675675675674,
      "roc_threshold_at_20_fpr": 0.9641189575195312,
      "avg_batch_latency_ms": 13.63559500023257,
      "ms_per_event": 0.4261123437572678
    }
  },
  "proxy_ltss_improvement_pct": 45.4524557505172,
  "lstm_target_report": {
    "checks": {
      "precision": false,
      "recall": true,
      "f1": false,
      "auc_roc": false,
      "tpr_at_20_fpr": false,
      "ms_per_event": true
    },
    "proxy_ltss_improvement_pct": null,
    "meets_all_targets": false
  },
  "lstm_score": 3.9083634001009537,
  "gat_target_report": {
    "checks": {
      "precision": false,
      "recall": true,
      "f1": false,
      "auc_roc": false,
      "tpr_at_20_fpr": false,
      "ms_per_event": true,
      "ltss_proxy_min_pct": true
    },
    "proxy_ltss_improvement_pct": 45.4524557505172,
    "meets_all_targets": false
  },
  "gat_score": 5.15617672211434
}
